2025-10-26 23:05:28,074 INFO o.a.j.u.JMeterUtils: Setting Locale to en_EN
2025-10-26 23:05:28,103 INFO o.a.j.JMeter: Loading user properties from: /home/najla/Downloads/apache-jmeter-5.6.3/bin/user.properties
2025-10-26 23:05:28,103 INFO o.a.j.JMeter: Loading system properties from: /home/najla/Downloads/apache-jmeter-5.6.3/bin/system.properties
2025-10-26 23:05:28,110 INFO o.a.j.JMeter: Copyright (c) 1998-2024 The Apache Software Foundation
2025-10-26 23:05:28,110 INFO o.a.j.JMeter: Version 5.6.3
2025-10-26 23:05:28,110 INFO o.a.j.JMeter: java.version=11.0.28
2025-10-26 23:05:28,111 INFO o.a.j.JMeter: java.vm.name=OpenJDK 64-Bit Server VM
2025-10-26 23:05:28,111 INFO o.a.j.JMeter: os.name=Linux
2025-10-26 23:05:28,111 INFO o.a.j.JMeter: os.arch=amd64
2025-10-26 23:05:28,111 INFO o.a.j.JMeter: os.version=6.14.0-32-generic
2025-10-26 23:05:28,111 INFO o.a.j.JMeter: file.encoding=UTF-8
2025-10-26 23:05:28,111 INFO o.a.j.JMeter: java.awt.headless=true
2025-10-26 23:05:28,111 INFO o.a.j.JMeter: Max memory     =1073741824
2025-10-26 23:05:28,111 INFO o.a.j.JMeter: Available Processors =22
2025-10-26 23:05:28,120 INFO o.a.j.JMeter: Default Locale=English (EN)
2025-10-26 23:05:28,121 INFO o.a.j.JMeter: JMeter  Locale=English (EN)
2025-10-26 23:05:28,121 INFO o.a.j.JMeter: JMeterHome=/home/najla/Downloads/apache-jmeter-5.6.3
2025-10-26 23:05:28,121 INFO o.a.j.JMeter: user.dir  =/home/najla/Downloads/REC-Blockchain
2025-10-26 23:05:28,121 INFO o.a.j.JMeter: PWD       =/home/najla/Downloads/REC-Blockchain
2025-10-26 23:05:28,122 INFO o.a.j.JMeter: IP: 127.0.1.1 Name: najla FullName: najla
2025-10-26 23:05:28,140 INFO o.a.j.JMeter: Setting property 'jmeter.reportgenerator.outputdir' to:'/home/najla/Downloads/REC-Blockchain/org-latency-results/org_html_report_20251026_230527'
2025-10-26 23:05:28,143 INFO o.a.j.s.FileServer: Default base='/home/najla/Downloads/REC-Blockchain'
2025-10-26 23:05:28,146 INFO o.a.j.s.FileServer: Set new base='/home/najla/Downloads/REC-Blockchain'
2025-10-26 23:05:28,335 INFO o.a.j.s.SaveService: Testplan (JMX) version: 2.2. Testlog (JTL) version: 2.2
2025-10-26 23:05:28,357 INFO o.a.j.s.SaveService: Using SaveService properties version 5.0
2025-10-26 23:05:28,360 INFO o.a.j.s.SaveService: Using SaveService properties file encoding UTF-8
2025-10-26 23:05:28,364 INFO o.a.j.s.SaveService: Loading file: /home/najla/Downloads/REC-Blockchain/jmeter-org-latency-test.jmx
2025-10-26 23:05:28,422 INFO o.a.j.p.h.s.HTTPSamplerBase: Parser for text/html is org.apache.jmeter.protocol.http.parser.LagartoBasedHtmlParser
2025-10-26 23:05:28,423 INFO o.a.j.p.h.s.HTTPSamplerBase: Parser for application/xhtml+xml is org.apache.jmeter.protocol.http.parser.LagartoBasedHtmlParser
2025-10-26 23:05:28,423 INFO o.a.j.p.h.s.HTTPSamplerBase: Parser for application/xml is org.apache.jmeter.protocol.http.parser.LagartoBasedHtmlParser
2025-10-26 23:05:28,423 INFO o.a.j.p.h.s.HTTPSamplerBase: Parser for text/xml is org.apache.jmeter.protocol.http.parser.LagartoBasedHtmlParser
2025-10-26 23:05:28,423 INFO o.a.j.p.h.s.HTTPSamplerBase: Parser for text/vnd.wap.wml is org.apache.jmeter.protocol.http.parser.RegexpHTMLParser
2025-10-26 23:05:28,423 INFO o.a.j.p.h.s.HTTPSamplerBase: Parser for text/css is org.apache.jmeter.protocol.http.parser.CssParser
2025-10-26 23:05:28,464 INFO o.a.j.JMeter: Creating summariser <summary>
2025-10-26 23:05:28,470 INFO o.a.j.r.d.ReportGenerator: ReportGenerator will use for Parsing the separator: ','
2025-10-26 23:05:28,470 INFO o.a.j.r.d.ReportGenerator: Will generate report at end of test from  results file: /home/najla/Downloads/REC-Blockchain/org-latency-results/org_latency_results_20251026_230527.jtl
2025-10-26 23:05:28,470 INFO o.a.j.r.d.ReportGenerator: Reading report generator properties from: /home/najla/Downloads/apache-jmeter-5.6.3/bin/reportgenerator.properties
2025-10-26 23:05:28,471 INFO o.a.j.r.d.ReportGenerator: Merging with JMeter properties
2025-10-26 23:05:28,477 INFO o.a.j.r.c.ReportGeneratorConfiguration: Property 'jmeter.reportgenerator.temp_dir' not found, using default value 'temp' instead.
2025-10-26 23:05:28,480 INFO o.a.j.r.c.ReportGeneratorConfiguration: Property 'jmeter.reportgenerator.apdex_per_transaction' not found, using default value 'null' instead.
2025-10-26 23:05:28,480 INFO o.a.j.r.c.ReportGeneratorConfiguration: apdex_per_transaction is empty, not APDEX per transaction customization
2025-10-26 23:05:28,480 INFO o.a.j.r.c.ReportGeneratorConfiguration: Property 'jmeter.reportgenerator.sample_filter' not found, using default value 'null' instead.
2025-10-26 23:05:28,480 INFO o.a.j.r.c.ReportGeneratorConfiguration: Property 'jmeter.reportgenerator.report_title' not found, using default value 'null' instead.
2025-10-26 23:05:28,480 INFO o.a.j.r.c.ReportGeneratorConfiguration: Property 'jmeter.reportgenerator.start_date' not found, using default value 'null' instead.
2025-10-26 23:05:28,480 INFO o.a.j.r.c.ReportGeneratorConfiguration: Property 'jmeter.reportgenerator.end_date' not found, using default value 'null' instead.
2025-10-26 23:05:28,480 INFO o.a.j.r.c.ReportGeneratorConfiguration: Property 'jmeter.reportgenerator.date_format' not found, using default value 'null' instead.
2025-10-26 23:05:28,481 INFO o.a.j.r.c.ReportGeneratorConfiguration: Will use date range start date: null, end date: null
2025-10-26 23:05:28,486 INFO o.a.j.r.c.ReportGeneratorConfiguration: Property 'jmeter.reportgenerator.graph.totalTPS.exclude_controllers' not found, using default value 'false' instead.
2025-10-26 23:05:28,486 INFO o.a.j.r.c.ReportGeneratorConfiguration: Property 'jmeter.reportgenerator.graph.activeThreadsOverTime.exclude_controllers' not found, using default value 'false' instead.
2025-10-26 23:05:28,486 INFO o.a.j.r.c.ReportGeneratorConfiguration: Property 'jmeter.reportgenerator.graph.timeVsThreads.exclude_controllers' not found, using default value 'false' instead.
2025-10-26 23:05:28,486 INFO o.a.j.r.c.ReportGeneratorConfiguration: Property 'jmeter.reportgenerator.graph.responseTimeDistribution.exclude_controllers' not found, using default value 'false' instead.
2025-10-26 23:05:28,486 INFO o.a.j.r.c.ReportGeneratorConfiguration: Property 'jmeter.reportgenerator.graph.transactionsPerSecond.exclude_controllers' not found, using default value 'false' instead.
2025-10-26 23:05:28,486 INFO o.a.j.r.c.ReportGeneratorConfiguration: Property 'jmeter.reportgenerator.graph.responseTimePercentiles.exclude_controllers' not found, using default value 'false' instead.
2025-10-26 23:05:28,487 INFO o.a.j.r.c.ReportGeneratorConfiguration: Property 'jmeter.reportgenerator.graph.responseTimePercentilesOverTime.exclude_controllers' not found, using default value 'false' instead.
2025-10-26 23:05:28,487 INFO o.a.j.r.c.ReportGeneratorConfiguration: Property 'jmeter.reportgenerator.graph.responseTimesOverTime.exclude_controllers' not found, using default value 'false' instead.
2025-10-26 23:05:28,487 INFO o.a.j.r.c.ReportGeneratorConfiguration: Property 'jmeter.reportgenerator.graph.connectTimeOverTime.exclude_controllers' not found, using default value 'false' instead.
2025-10-26 23:05:28,488 INFO o.a.j.r.c.ReportGeneratorConfiguration: Property 'jmeter.reportgenerator.graph.latenciesOverTime.exclude_controllers' not found, using default value 'false' instead.
2025-10-26 23:05:28,489 INFO o.a.j.r.c.ReportGeneratorConfiguration: Property 'jmeter.reportgenerator.exporter.json.filters_only_sample_series' not found, using default value 'true' instead.
2025-10-26 23:05:28,489 INFO o.a.j.r.c.ReportGeneratorConfiguration: Property 'jmeter.reportgenerator.exporter.json.series_filter' not found, using default value '' instead.
2025-10-26 23:05:28,489 INFO o.a.j.r.c.ReportGeneratorConfiguration: Property 'jmeter.reportgenerator.exporter.json.show_controllers_only' not found, using default value 'false' instead.
2025-10-26 23:05:28,489 INFO o.a.j.r.c.ReportGeneratorConfiguration: Property 'jmeter.reportgenerator.exporter.html.filters_only_sample_series' not found, using default value 'true' instead.
2025-10-26 23:05:28,490 INFO o.a.j.r.c.ReportGeneratorConfiguration: Property 'jmeter.reportgenerator.exporter.html.series_filter' not found, using default value '' instead.
2025-10-26 23:05:28,490 INFO o.a.j.r.c.ReportGeneratorConfiguration: Property 'jmeter.reportgenerator.exporter.html.show_controllers_only' not found, using default value 'false' instead.
2025-10-26 23:05:28,505 INFO o.a.j.e.StandardJMeterEngine: Running the test!
2025-10-26 23:05:28,507 INFO o.a.j.s.SampleEvent: List of sample_variables: []
2025-10-26 23:05:28,507 INFO o.a.j.s.SampleEvent: List of sample_variables: []
2025-10-26 23:05:28,518 INFO o.a.j.e.u.CompoundVariable: Note: Function class names must contain the string: '.functions.'
2025-10-26 23:05:28,519 INFO o.a.j.e.u.CompoundVariable: Note: Function class names must not contain the string: '.gui.'
2025-10-26 23:05:28,849 INFO o.a.j.JMeter: Running test (1761494728849)
2025-10-26 23:05:28,871 INFO o.a.j.e.StandardJMeterEngine: Starting ThreadGroup: 1 : Generator Energy Report
2025-10-26 23:05:28,872 INFO o.a.j.e.StandardJMeterEngine: Starting 5 threads for group Generator Energy Report.
2025-10-26 23:05:28,872 INFO o.a.j.e.StandardJMeterEngine: Thread will continue on error
2025-10-26 23:05:28,873 INFO o.a.j.t.ThreadGroup: Starting thread group... number=1 threads=5 ramp-up=30 delayedStart=false
2025-10-26 23:05:28,887 INFO o.a.j.t.ThreadGroup: Started thread group number 1
2025-10-26 23:05:28,888 INFO o.a.j.e.StandardJMeterEngine: Starting ThreadGroup: 2 : Issuer Certificate Verification
2025-10-26 23:05:28,889 INFO o.a.j.e.StandardJMeterEngine: Starting 3 threads for group Issuer Certificate Verification.
2025-10-26 23:05:28,889 INFO o.a.j.e.StandardJMeterEngine: Thread will continue on error
2025-10-26 23:05:28,889 INFO o.a.j.t.ThreadGroup: Starting thread group... number=2 threads=3 ramp-up=20 delayedStart=false
2025-10-26 23:05:28,889 INFO o.a.j.t.JMeterThread: Thread started: Generator Energy Report 1-1
2025-10-26 23:05:28,890 INFO o.a.j.t.JMeterThread: Thread started: Issuer Certificate Verification 2-1
2025-10-26 23:05:28,891 INFO o.a.j.t.ThreadGroup: Started thread group number 2
2025-10-26 23:05:28,891 INFO o.a.j.e.StandardJMeterEngine: Starting ThreadGroup: 3 : Buyer Certificate Query
2025-10-26 23:05:28,891 INFO o.a.j.e.StandardJMeterEngine: Starting 10 threads for group Buyer Certificate Query.
2025-10-26 23:05:28,891 INFO o.a.j.e.StandardJMeterEngine: Thread will continue on error
2025-10-26 23:05:28,891 INFO o.a.j.t.ThreadGroup: Starting thread group... number=3 threads=10 ramp-up=40 delayedStart=false
2025-10-26 23:05:28,892 INFO o.a.j.t.JMeterThread: Thread started: Buyer Certificate Query 3-1
2025-10-26 23:05:28,897 INFO o.a.j.t.ThreadGroup: Started thread group number 3
2025-10-26 23:05:28,897 INFO o.a.j.e.StandardJMeterEngine: All thread groups have been started
2025-10-26 23:05:31,498 INFO o.a.j.p.h.s.HTTPHCAbstractImpl: Local host = najla
2025-10-26 23:05:31,505 INFO o.a.j.p.h.s.HTTPHC4Impl: HTTP request retry count = 0
2025-10-26 23:05:31,507 INFO o.a.j.s.SampleResult: Note: Sample TimeStamps are START times
2025-10-26 23:05:31,507 INFO o.a.j.s.SampleResult: sampleresult.default.encoding is set to UTF-8
2025-10-26 23:05:31,507 INFO o.a.j.s.SampleResult: sampleresult.useNanoTime=true
2025-10-26 23:05:31,507 INFO o.a.j.s.SampleResult: sampleresult.nanoThreadSleep=5000
2025-10-26 23:05:31,587 INFO o.a.j.r.Summariser: summary +      1 in 00:00:03 =    0.4/s Avg:     0 Min:     0 Max:     0 Err:     1 (100.00%) Active: 3 Started: 3 Finished: 0
2025-10-26 23:05:32,892 INFO o.a.j.t.JMeterThread: Thread started: Buyer Certificate Query 3-2
2025-10-26 23:05:34,883 INFO o.a.j.t.JMeterThread: Thread started: Generator Energy Report 1-2
2025-10-26 23:05:35,557 INFO o.a.j.t.JMeterThread: Thread started: Issuer Certificate Verification 2-2
2025-10-26 23:05:36,892 INFO o.a.j.t.JMeterThread: Thread started: Buyer Certificate Query 3-3
2025-10-26 23:05:40,878 INFO o.a.j.t.JMeterThread: Thread started: Generator Energy Report 1-3
2025-10-26 23:05:40,891 INFO o.a.j.t.JMeterThread: Thread started: Buyer Certificate Query 3-4
2025-10-26 23:05:42,225 INFO o.a.j.t.JMeterThread: Thread started: Issuer Certificate Verification 2-3
2025-10-26 23:05:44,892 INFO o.a.j.t.JMeterThread: Thread started: Buyer Certificate Query 3-5
2025-10-26 23:05:46,878 INFO o.a.j.t.JMeterThread: Thread started: Generator Energy Report 1-4
2025-10-26 23:05:48,892 INFO o.a.j.t.JMeterThread: Thread started: Buyer Certificate Query 3-6
2025-10-26 23:05:52,877 INFO o.a.j.t.JMeterThread: Thread started: Generator Energy Report 1-5
2025-10-26 23:05:52,892 INFO o.a.j.t.JMeterThread: Thread started: Buyer Certificate Query 3-7
2025-10-26 23:05:56,892 INFO o.a.j.t.JMeterThread: Thread started: Buyer Certificate Query 3-8
2025-10-26 23:06:00,134 INFO o.a.j.r.Summariser: summary +    103 in 00:00:29 =    3.6/s Avg:     0 Min:     0 Max:     0 Err:   103 (100.00%) Active: 16 Started: 16 Finished: 0
2025-10-26 23:06:00,134 INFO o.a.j.r.Summariser: summary =    104 in 00:00:31 =    3.3/s Avg:     0 Min:     0 Max:     0 Err:   104 (100.00%)
2025-10-26 23:06:00,893 INFO o.a.j.t.JMeterThread: Thread started: Buyer Certificate Query 3-9
2025-10-26 23:06:04,892 INFO o.a.j.t.JMeterThread: Thread started: Buyer Certificate Query 3-10
2025-10-26 23:06:25,087 INFO o.a.j.t.JMeterThread: Thread is done: Buyer Certificate Query 3-2
2025-10-26 23:06:25,087 INFO o.a.j.t.JMeterThread: Thread finished: Buyer Certificate Query 3-2
2025-10-26 23:06:29,489 INFO o.a.j.t.JMeterThread: Thread is done: Buyer Certificate Query 3-1
2025-10-26 23:06:29,489 INFO o.a.j.t.JMeterThread: Thread finished: Buyer Certificate Query 3-1
2025-10-26 23:06:30,051 INFO o.a.j.r.Summariser: summary +    211 in 00:00:30 =    7.1/s Avg:     0 Min:     0 Max:     0 Err:   211 (100.00%) Active: 16 Started: 18 Finished: 2
2025-10-26 23:06:30,051 INFO o.a.j.r.Summariser: summary =    315 in 00:01:01 =    5.1/s Avg:     0 Min:     0 Max:     0 Err:   315 (100.00%)
2025-10-26 23:06:31,911 INFO o.a.j.t.JMeterThread: Thread is done: Issuer Certificate Verification 2-1
2025-10-26 23:06:31,911 INFO o.a.j.t.JMeterThread: Thread finished: Issuer Certificate Verification 2-1
2025-10-26 23:06:34,941 INFO o.a.j.t.JMeterThread: Thread is done: Buyer Certificate Query 3-4
2025-10-26 23:06:34,942 INFO o.a.j.t.JMeterThread: Thread finished: Buyer Certificate Query 3-4
2025-10-26 23:06:39,654 INFO o.a.j.t.JMeterThread: Thread is done: Buyer Certificate Query 3-3
2025-10-26 23:06:39,654 INFO o.a.j.t.JMeterThread: Thread finished: Buyer Certificate Query 3-3
2025-10-26 23:06:40,360 INFO o.a.j.t.JMeterThread: Thread is done: Issuer Certificate Verification 2-2
2025-10-26 23:06:40,360 INFO o.a.j.t.JMeterThread: Thread finished: Issuer Certificate Verification 2-2
2025-10-26 23:06:43,080 INFO o.a.j.t.JMeterThread: Thread is done: Buyer Certificate Query 3-5
2025-10-26 23:06:43,080 INFO o.a.j.t.JMeterThread: Thread finished: Buyer Certificate Query 3-5
2025-10-26 23:06:43,885 INFO o.a.j.t.JMeterThread: Thread is done: Generator Energy Report 1-1
2025-10-26 23:06:43,886 INFO o.a.j.t.JMeterThread: Thread finished: Generator Energy Report 1-1
2025-10-26 23:06:45,083 INFO o.a.j.t.JMeterThread: Thread is done: Generator Energy Report 1-2
2025-10-26 23:06:45,083 INFO o.a.j.t.JMeterThread: Thread finished: Generator Energy Report 1-2
2025-10-26 23:06:46,467 INFO o.a.j.t.JMeterThread: Thread is done: Issuer Certificate Verification 2-3
2025-10-26 23:06:46,467 INFO o.a.j.t.JMeterThread: Thread finished: Issuer Certificate Verification 2-3
2025-10-26 23:06:46,932 INFO o.a.j.t.JMeterThread: Thread is done: Buyer Certificate Query 3-6
2025-10-26 23:06:46,933 INFO o.a.j.t.JMeterThread: Thread finished: Buyer Certificate Query 3-6
2025-10-26 23:06:50,546 INFO o.a.j.t.JMeterThread: Thread is done: Generator Energy Report 1-4
2025-10-26 23:06:50,546 INFO o.a.j.t.JMeterThread: Thread finished: Generator Energy Report 1-4
2025-10-26 23:06:51,483 INFO o.a.j.t.JMeterThread: Thread is done: Generator Energy Report 1-3
2025-10-26 23:06:51,483 INFO o.a.j.t.JMeterThread: Thread finished: Generator Energy Report 1-3
2025-10-26 23:06:54,035 INFO o.a.j.t.JMeterThread: Thread is done: Buyer Certificate Query 3-7
2025-10-26 23:06:54,036 INFO o.a.j.t.JMeterThread: Thread finished: Buyer Certificate Query 3-7
2025-10-26 23:06:55,062 INFO o.a.j.t.JMeterThread: Thread is done: Buyer Certificate Query 3-8
2025-10-26 23:06:55,062 INFO o.a.j.t.JMeterThread: Thread finished: Buyer Certificate Query 3-8
2025-10-26 23:07:01,053 INFO o.a.j.r.Summariser: summary +    124 in 00:00:31 =    4.0/s Avg:     0 Min:     0 Max:     0 Err:   124 (100.00%) Active: 3 Started: 18 Finished: 15
2025-10-26 23:07:01,054 INFO o.a.j.r.Summariser: summary =    439 in 00:01:32 =    4.8/s Avg:     0 Min:     0 Max:     0 Err:   439 (100.00%)
2025-10-26 23:07:01,937 INFO o.a.j.t.JMeterThread: Thread is done: Buyer Certificate Query 3-9
2025-10-26 23:07:01,938 INFO o.a.j.t.JMeterThread: Thread finished: Buyer Certificate Query 3-9
2025-10-26 23:07:05,360 INFO o.a.j.t.JMeterThread: Thread is done: Buyer Certificate Query 3-10
2025-10-26 23:07:05,361 INFO o.a.j.t.JMeterThread: Thread finished: Buyer Certificate Query 3-10
2025-10-26 23:07:06,338 INFO o.a.j.t.JMeterThread: Thread is done: Generator Energy Report 1-5
2025-10-26 23:07:06,338 INFO o.a.j.t.JMeterThread: Thread finished: Generator Energy Report 1-5
2025-10-26 23:07:06,339 INFO o.a.j.e.StandardJMeterEngine: Notifying test listeners of end of test
2025-10-26 23:07:06,340 INFO o.a.j.r.Summariser: summary +      6 in 00:00:05 =    1.1/s Avg:     0 Min:     0 Max:     0 Err:     6 (100.00%) Active: 0 Started: 18 Finished: 18
2025-10-26 23:07:06,340 INFO o.a.j.r.Summariser: summary =    445 in 00:01:37 =    4.6/s Avg:     0 Min:     0 Max:     0 Err:   445 (100.00%)
2025-10-26 23:07:06,340 INFO o.a.j.JMeter: Generating Dashboard
2025-10-26 23:07:06,341 INFO o.a.j.r.d.ReportGenerator: Flushing result collector before report Generation
2025-10-26 23:07:06,354 INFO o.a.j.r.p.NormalizerSampleConsumer: Using format, 'ms', to parse timeStamp field
2025-10-26 23:07:06,475 INFO o.a.j.r.p.AbstractSampleConsumer: class org.apache.jmeter.report.processor.AggregateConsumer#stopProducing(): beginDate produced 0 samples
2025-10-26 23:07:06,475 INFO o.a.j.r.p.AbstractSampleConsumer: class org.apache.jmeter.report.processor.AggregateConsumer#stopProducing(): endDate produced 0 samples
2025-10-26 23:07:06,477 INFO o.a.j.r.p.AbstractSampleConsumer: class org.apache.jmeter.report.processor.ApdexSummaryConsumer#stopProducing(): apdexSummary produced 0 samples
2025-10-26 23:07:06,477 INFO o.a.j.r.p.AbstractSampleConsumer: class org.apache.jmeter.report.processor.RequestsSummaryConsumer#stopProducing(): requestsSummary produced 0 samples
2025-10-26 23:07:06,482 INFO o.a.j.r.p.AbstractSampleConsumer: class org.apache.jmeter.report.processor.StatisticsSummaryConsumer#stopProducing(): statisticsSummary produced 0 samples
2025-10-26 23:07:06,483 INFO o.a.j.r.p.AbstractSampleConsumer: class org.apache.jmeter.report.processor.Top5ErrorsBySamplerConsumer#stopProducing(): top5ErrorsBySampler produced 0 samples
2025-10-26 23:07:06,484 INFO o.a.j.r.p.AbstractSampleConsumer: class org.apache.jmeter.report.processor.ErrorsSummaryConsumer#stopProducing(): errorsSummary produced 0 samples
2025-10-26 23:07:06,484 INFO o.a.j.r.p.AbstractSampleConsumer: class org.apache.jmeter.report.processor.graph.impl.HitsPerSecondGraphConsumer#stopProducing(): hitsPerSecond produced 0 samples
2025-10-26 23:07:06,505 INFO o.a.j.r.p.AbstractSampleConsumer: class org.apache.jmeter.report.processor.graph.impl.LatencyVSRequestGraphConsumer#stopProducing(): latencyVsRequest produced 0 samples
2025-10-26 23:07:06,506 INFO o.a.j.r.p.AbstractSampleConsumer: class org.apache.jmeter.report.processor.graph.impl.SyntheticResponseTimeDistributionGraphConsumer#stopProducing(): syntheticResponseTimeDistribution produced 0 samples
2025-10-26 23:07:06,506 INFO o.a.j.r.p.AbstractSampleConsumer: class org.apache.jmeter.report.processor.graph.impl.BytesThroughputGraphConsumer#stopProducing(): bytesThroughputOverTime produced 0 samples
2025-10-26 23:07:06,506 INFO o.a.j.r.p.AbstractSampleConsumer: class org.apache.jmeter.report.processor.graph.impl.CodesPerSecondGraphConsumer#stopProducing(): codesPerSecond produced 0 samples
2025-10-26 23:07:06,514 INFO o.a.j.r.p.AbstractSampleConsumer: class org.apache.jmeter.report.processor.graph.impl.ResponseTimeVSRequestGraphConsumer#stopProducing(): responseTimeVsRequest produced 0 samples
2025-10-26 23:07:06,514 INFO o.a.j.r.p.AbstractSampleConsumer: class org.apache.jmeter.report.processor.FilterConsumer#stopProducing(): startIntervalControlerFilter produced 3115 samples
2025-10-26 23:07:06,514 INFO o.a.j.r.p.AbstractSampleConsumer: class org.apache.jmeter.report.processor.graph.impl.TotalTPSGraphConsumer#stopProducing(): totalTPS produced 0 samples
2025-10-26 23:07:06,514 INFO o.a.j.r.p.AbstractSampleConsumer: class org.apache.jmeter.report.processor.graph.impl.ActiveThreadsGraphConsumer#stopProducing(): activeThreadsOverTime produced 0 samples
2025-10-26 23:07:06,515 INFO o.a.j.r.p.AbstractSampleConsumer: class org.apache.jmeter.report.processor.graph.impl.TimeVSThreadGraphConsumer#stopProducing(): timeVsThreads produced 0 samples
2025-10-26 23:07:06,515 INFO o.a.j.r.p.AbstractSampleConsumer: class org.apache.jmeter.report.processor.graph.impl.ResponseTimeDistributionGraphConsumer#stopProducing(): responseTimeDistribution produced 0 samples
2025-10-26 23:07:06,515 INFO o.a.j.r.p.AbstractSampleConsumer: class org.apache.jmeter.report.processor.graph.impl.TransactionsPerSecondGraphConsumer#stopProducing(): transactionsPerSecond produced 0 samples
2025-10-26 23:07:06,515 INFO o.a.j.r.p.AbstractSampleConsumer: class org.apache.jmeter.report.processor.graph.impl.ResponseTimePercentilesGraphConsumer#stopProducing(): responseTimePercentiles produced 0 samples
2025-10-26 23:07:06,516 INFO o.a.j.r.p.AbstractSampleConsumer: class org.apache.jmeter.report.processor.graph.impl.ResponseTimePercentilesOverTimeGraphConsumer#stopProducing(): responseTimePercentilesOverTime produced 0 samples
2025-10-26 23:07:06,516 INFO o.a.j.r.p.AbstractSampleConsumer: class org.apache.jmeter.report.processor.graph.impl.ResponseTimeOverTimeGraphConsumer#stopProducing(): responseTimesOverTime produced 0 samples
2025-10-26 23:07:06,517 INFO o.a.j.r.p.AbstractSampleConsumer: class org.apache.jmeter.report.processor.graph.impl.ConnectTimeOverTimeGraphConsumer#stopProducing(): connectTimeOverTime produced 0 samples
2025-10-26 23:07:06,517 INFO o.a.j.r.p.AbstractSampleConsumer: class org.apache.jmeter.report.processor.graph.impl.LatencyOverTimeGraphConsumer#stopProducing(): latenciesOverTime produced 0 samples
2025-10-26 23:07:06,517 INFO o.a.j.r.p.AbstractSampleConsumer: class org.apache.jmeter.report.processor.FilterConsumer#stopProducing(): nameFilter produced 6675 samples
2025-10-26 23:07:06,517 INFO o.a.j.r.p.AbstractSampleConsumer: class org.apache.jmeter.report.processor.FilterConsumer#stopProducing(): dateRangeFilter produced 1335 samples
2025-10-26 23:07:06,517 INFO o.a.j.r.p.AbstractSampleConsumer: class org.apache.jmeter.report.processor.NormalizerSampleConsumer#stopProducing(): normalizer produced 445 samples
2025-10-26 23:07:06,518 INFO o.a.j.r.p.CsvFileSampleSource: produce(): 445 samples produced in 134ms on channel 0
2025-10-26 23:07:06,518 INFO o.a.j.r.d.ReportGenerator: Exporting data using exporter:'json' of className:'org.apache.jmeter.report.dashboard.JsonExporter'
2025-10-26 23:07:06,605 INFO o.a.j.r.d.JsonExporter: Found data for consumer statisticsSummary in context
2025-10-26 23:07:06,605 INFO o.a.j.r.d.JsonExporter: Creating statistics for overall
2025-10-26 23:07:06,605 INFO o.a.j.r.d.JsonExporter: Creating statistics for other transactions
2025-10-26 23:07:06,606 INFO o.a.j.r.d.JsonExporter: Checking output folder
2025-10-26 23:07:06,606 INFO o.a.j.r.d.JsonExporter: Writing statistics JSON to /home/najla/Downloads/REC-Blockchain/org-latency-results/org_html_report_20251026_230527/statistics.json
2025-10-26 23:07:06,652 INFO o.a.j.r.d.ReportGenerator: Exporting data using exporter:'html' of className:'org.apache.jmeter.report.dashboard.HtmlTemplateExporter'
2025-10-26 23:07:06,656 INFO o.a.j.r.d.HtmlTemplateExporter: Will generate dashboard in folder: /home/najla/Downloads/REC-Blockchain/org-latency-results/org_html_report_20251026_230527
2025-10-26 23:07:06,799 INFO o.a.j.r.d.HtmlTemplateExporter: Report will be generated in: /home/najla/Downloads/REC-Blockchain/org-latency-results/org_html_report_20251026_230527, creating folder structure
2025-10-26 23:07:06,803 INFO o.a.j.r.d.TemplateVisitor: Copying folder from '/home/najla/Downloads/apache-jmeter-5.6.3/bin/report-template' to '/home/najla/Downloads/REC-Blockchain/org-latency-results/org_html_report_20251026_230527', got message: /home/najla/Downloads/REC-Blockchain/org-latency-results/org_html_report_20251026_230527, found non empty folder with following content [/home/najla/Downloads/REC-Blockchain/org-latency-results/org_html_report_20251026_230527/statistics.json], will be ignored
2025-10-26 23:07:07,027 INFO o.a.j.JMeter: Dashboard generated
