2025-10-26 23:12:40,034 INFO o.a.j.u.JMeterUtils: Setting Locale to en_EN
2025-10-26 23:12:40,059 INFO o.a.j.JMeter: Loading user properties from: /home/najla/Downloads/apache-jmeter-5.6.3/bin/user.properties
2025-10-26 23:12:40,059 INFO o.a.j.JMeter: Loading system properties from: /home/najla/Downloads/apache-jmeter-5.6.3/bin/system.properties
2025-10-26 23:12:40,064 INFO o.a.j.JMeter: Copyright (c) 1998-2024 The Apache Software Foundation
2025-10-26 23:12:40,064 INFO o.a.j.JMeter: Version 5.6.3
2025-10-26 23:12:40,064 INFO o.a.j.JMeter: java.version=11.0.28
2025-10-26 23:12:40,065 INFO o.a.j.JMeter: java.vm.name=OpenJDK 64-Bit Server VM
2025-10-26 23:12:40,065 INFO o.a.j.JMeter: os.name=Linux
2025-10-26 23:12:40,065 INFO o.a.j.JMeter: os.arch=amd64
2025-10-26 23:12:40,065 INFO o.a.j.JMeter: os.version=6.14.0-32-generic
2025-10-26 23:12:40,065 INFO o.a.j.JMeter: file.encoding=UTF-8
2025-10-26 23:12:40,065 INFO o.a.j.JMeter: java.awt.headless=true
2025-10-26 23:12:40,065 INFO o.a.j.JMeter: Max memory     =1073741824
2025-10-26 23:12:40,065 INFO o.a.j.JMeter: Available Processors =22
2025-10-26 23:12:40,073 INFO o.a.j.JMeter: Default Locale=English (EN)
2025-10-26 23:12:40,073 INFO o.a.j.JMeter: JMeter  Locale=English (EN)
2025-10-26 23:12:40,073 INFO o.a.j.JMeter: JMeterHome=/home/najla/Downloads/apache-jmeter-5.6.3
2025-10-26 23:12:40,073 INFO o.a.j.JMeter: user.dir  =/home/najla/Downloads/REC-Blockchain
2025-10-26 23:12:40,074 INFO o.a.j.JMeter: PWD       =/home/najla/Downloads/REC-Blockchain
2025-10-26 23:12:40,074 INFO o.a.j.JMeter: IP: 127.0.1.1 Name: najla FullName: najla
2025-10-26 23:12:40,087 INFO o.a.j.JMeter: Setting property 'jmeter.reportgenerator.outputdir' to:'/home/najla/Downloads/REC-Blockchain/org-latency-results/org_html_report_20251026_231239'
2025-10-26 23:12:40,089 INFO o.a.j.s.FileServer: Default base='/home/najla/Downloads/REC-Blockchain'
2025-10-26 23:12:40,091 INFO o.a.j.s.FileServer: Set new base='/home/najla/Downloads/REC-Blockchain'
2025-10-26 23:12:40,279 INFO o.a.j.s.SaveService: Testplan (JMX) version: 2.2. Testlog (JTL) version: 2.2
2025-10-26 23:12:40,302 INFO o.a.j.s.SaveService: Using SaveService properties version 5.0
2025-10-26 23:12:40,306 INFO o.a.j.s.SaveService: Using SaveService properties file encoding UTF-8
2025-10-26 23:12:40,310 INFO o.a.j.s.SaveService: Loading file: /home/najla/Downloads/REC-Blockchain/jmeter-org-latency-test.jmx
2025-10-26 23:12:40,375 INFO o.a.j.p.h.s.HTTPSamplerBase: Parser for text/html is org.apache.jmeter.protocol.http.parser.LagartoBasedHtmlParser
2025-10-26 23:12:40,375 INFO o.a.j.p.h.s.HTTPSamplerBase: Parser for application/xhtml+xml is org.apache.jmeter.protocol.http.parser.LagartoBasedHtmlParser
2025-10-26 23:12:40,375 INFO o.a.j.p.h.s.HTTPSamplerBase: Parser for application/xml is org.apache.jmeter.protocol.http.parser.LagartoBasedHtmlParser
2025-10-26 23:12:40,375 INFO o.a.j.p.h.s.HTTPSamplerBase: Parser for text/xml is org.apache.jmeter.protocol.http.parser.LagartoBasedHtmlParser
2025-10-26 23:12:40,375 INFO o.a.j.p.h.s.HTTPSamplerBase: Parser for text/vnd.wap.wml is org.apache.jmeter.protocol.http.parser.RegexpHTMLParser
2025-10-26 23:12:40,375 INFO o.a.j.p.h.s.HTTPSamplerBase: Parser for text/css is org.apache.jmeter.protocol.http.parser.CssParser
2025-10-26 23:12:40,416 INFO o.a.j.JMeter: Creating summariser <summary>
2025-10-26 23:12:40,421 INFO o.a.j.r.d.ReportGenerator: ReportGenerator will use for Parsing the separator: ','
2025-10-26 23:12:40,422 INFO o.a.j.r.d.ReportGenerator: Will generate report at end of test from  results file: /home/najla/Downloads/REC-Blockchain/org-latency-results/org_latency_results_20251026_231239.jtl
2025-10-26 23:12:40,422 INFO o.a.j.r.d.ReportGenerator: Reading report generator properties from: /home/najla/Downloads/apache-jmeter-5.6.3/bin/reportgenerator.properties
2025-10-26 23:12:40,422 INFO o.a.j.r.d.ReportGenerator: Merging with JMeter properties
2025-10-26 23:12:40,427 INFO o.a.j.r.c.ReportGeneratorConfiguration: Property 'jmeter.reportgenerator.temp_dir' not found, using default value 'temp' instead.
2025-10-26 23:12:40,429 INFO o.a.j.r.c.ReportGeneratorConfiguration: Property 'jmeter.reportgenerator.apdex_per_transaction' not found, using default value 'null' instead.
2025-10-26 23:12:40,429 INFO o.a.j.r.c.ReportGeneratorConfiguration: apdex_per_transaction is empty, not APDEX per transaction customization
2025-10-26 23:12:40,429 INFO o.a.j.r.c.ReportGeneratorConfiguration: Property 'jmeter.reportgenerator.sample_filter' not found, using default value 'null' instead.
2025-10-26 23:12:40,429 INFO o.a.j.r.c.ReportGeneratorConfiguration: Property 'jmeter.reportgenerator.report_title' not found, using default value 'null' instead.
2025-10-26 23:12:40,429 INFO o.a.j.r.c.ReportGeneratorConfiguration: Property 'jmeter.reportgenerator.start_date' not found, using default value 'null' instead.
2025-10-26 23:12:40,429 INFO o.a.j.r.c.ReportGeneratorConfiguration: Property 'jmeter.reportgenerator.end_date' not found, using default value 'null' instead.
2025-10-26 23:12:40,430 INFO o.a.j.r.c.ReportGeneratorConfiguration: Property 'jmeter.reportgenerator.date_format' not found, using default value 'null' instead.
2025-10-26 23:12:40,430 INFO o.a.j.r.c.ReportGeneratorConfiguration: Will use date range start date: null, end date: null
2025-10-26 23:12:40,434 INFO o.a.j.r.c.ReportGeneratorConfiguration: Property 'jmeter.reportgenerator.graph.totalTPS.exclude_controllers' not found, using default value 'false' instead.
2025-10-26 23:12:40,434 INFO o.a.j.r.c.ReportGeneratorConfiguration: Property 'jmeter.reportgenerator.graph.activeThreadsOverTime.exclude_controllers' not found, using default value 'false' instead.
2025-10-26 23:12:40,434 INFO o.a.j.r.c.ReportGeneratorConfiguration: Property 'jmeter.reportgenerator.graph.timeVsThreads.exclude_controllers' not found, using default value 'false' instead.
2025-10-26 23:12:40,434 INFO o.a.j.r.c.ReportGeneratorConfiguration: Property 'jmeter.reportgenerator.graph.responseTimeDistribution.exclude_controllers' not found, using default value 'false' instead.
2025-10-26 23:12:40,434 INFO o.a.j.r.c.ReportGeneratorConfiguration: Property 'jmeter.reportgenerator.graph.transactionsPerSecond.exclude_controllers' not found, using default value 'false' instead.
2025-10-26 23:12:40,434 INFO o.a.j.r.c.ReportGeneratorConfiguration: Property 'jmeter.reportgenerator.graph.responseTimePercentiles.exclude_controllers' not found, using default value 'false' instead.
2025-10-26 23:12:40,434 INFO o.a.j.r.c.ReportGeneratorConfiguration: Property 'jmeter.reportgenerator.graph.responseTimePercentilesOverTime.exclude_controllers' not found, using default value 'false' instead.
2025-10-26 23:12:40,434 INFO o.a.j.r.c.ReportGeneratorConfiguration: Property 'jmeter.reportgenerator.graph.responseTimesOverTime.exclude_controllers' not found, using default value 'false' instead.
2025-10-26 23:12:40,435 INFO o.a.j.r.c.ReportGeneratorConfiguration: Property 'jmeter.reportgenerator.graph.connectTimeOverTime.exclude_controllers' not found, using default value 'false' instead.
2025-10-26 23:12:40,435 INFO o.a.j.r.c.ReportGeneratorConfiguration: Property 'jmeter.reportgenerator.graph.latenciesOverTime.exclude_controllers' not found, using default value 'false' instead.
2025-10-26 23:12:40,436 INFO o.a.j.r.c.ReportGeneratorConfiguration: Property 'jmeter.reportgenerator.exporter.json.filters_only_sample_series' not found, using default value 'true' instead.
2025-10-26 23:12:40,436 INFO o.a.j.r.c.ReportGeneratorConfiguration: Property 'jmeter.reportgenerator.exporter.json.series_filter' not found, using default value '' instead.
2025-10-26 23:12:40,436 INFO o.a.j.r.c.ReportGeneratorConfiguration: Property 'jmeter.reportgenerator.exporter.json.show_controllers_only' not found, using default value 'false' instead.
2025-10-26 23:12:40,437 INFO o.a.j.r.c.ReportGeneratorConfiguration: Property 'jmeter.reportgenerator.exporter.html.filters_only_sample_series' not found, using default value 'true' instead.
2025-10-26 23:12:40,437 INFO o.a.j.r.c.ReportGeneratorConfiguration: Property 'jmeter.reportgenerator.exporter.html.series_filter' not found, using default value '' instead.
2025-10-26 23:12:40,437 INFO o.a.j.r.c.ReportGeneratorConfiguration: Property 'jmeter.reportgenerator.exporter.html.show_controllers_only' not found, using default value 'false' instead.
2025-10-26 23:12:40,454 INFO o.a.j.e.StandardJMeterEngine: Running the test!
2025-10-26 23:12:40,456 INFO o.a.j.s.SampleEvent: List of sample_variables: []
2025-10-26 23:12:40,457 INFO o.a.j.s.SampleEvent: List of sample_variables: []
2025-10-26 23:12:40,469 INFO o.a.j.e.u.CompoundVariable: Note: Function class names must contain the string: '.functions.'
2025-10-26 23:12:40,469 INFO o.a.j.e.u.CompoundVariable: Note: Function class names must not contain the string: '.gui.'
2025-10-26 23:12:40,795 INFO o.a.j.JMeter: Running test (1761495160795)
2025-10-26 23:12:40,815 INFO o.a.j.e.StandardJMeterEngine: Starting ThreadGroup: 1 : Generator Energy Report
2025-10-26 23:12:40,815 INFO o.a.j.e.StandardJMeterEngine: Starting 5 threads for group Generator Energy Report.
2025-10-26 23:12:40,815 INFO o.a.j.e.StandardJMeterEngine: Thread will continue on error
2025-10-26 23:12:40,816 INFO o.a.j.t.ThreadGroup: Starting thread group... number=1 threads=5 ramp-up=30 delayedStart=false
2025-10-26 23:12:40,826 INFO o.a.j.t.ThreadGroup: Started thread group number 1
2025-10-26 23:12:40,826 INFO o.a.j.e.StandardJMeterEngine: Starting ThreadGroup: 2 : Issuer Certificate Verification
2025-10-26 23:12:40,826 INFO o.a.j.e.StandardJMeterEngine: Starting 3 threads for group Issuer Certificate Verification.
2025-10-26 23:12:40,827 INFO o.a.j.e.StandardJMeterEngine: Thread will continue on error
2025-10-26 23:12:40,828 INFO o.a.j.t.ThreadGroup: Starting thread group... number=2 threads=3 ramp-up=20 delayedStart=false
2025-10-26 23:12:40,830 INFO o.a.j.t.JMeterThread: Thread started: Generator Energy Report 1-1
2025-10-26 23:12:40,830 INFO o.a.j.t.JMeterThread: Thread started: Issuer Certificate Verification 2-1
2025-10-26 23:12:40,831 INFO o.a.j.t.ThreadGroup: Started thread group number 2
2025-10-26 23:12:40,831 INFO o.a.j.e.StandardJMeterEngine: Starting ThreadGroup: 3 : Buyer Certificate Query
2025-10-26 23:12:40,831 INFO o.a.j.e.StandardJMeterEngine: Starting 10 threads for group Buyer Certificate Query.
2025-10-26 23:12:40,831 INFO o.a.j.e.StandardJMeterEngine: Thread will continue on error
2025-10-26 23:12:40,831 INFO o.a.j.t.ThreadGroup: Starting thread group... number=3 threads=10 ramp-up=40 delayedStart=false
2025-10-26 23:12:40,832 INFO o.a.j.t.JMeterThread: Thread started: Buyer Certificate Query 3-1
2025-10-26 23:12:40,836 INFO o.a.j.t.ThreadGroup: Started thread group number 3
2025-10-26 23:12:40,836 INFO o.a.j.e.StandardJMeterEngine: All thread groups have been started
2025-10-26 23:12:41,988 INFO o.a.j.p.h.s.HTTPHCAbstractImpl: Local host = najla
2025-10-26 23:12:41,997 INFO o.a.j.p.h.s.HTTPHC4Impl: HTTP request retry count = 0
2025-10-26 23:12:41,999 INFO o.a.j.s.SampleResult: Note: Sample TimeStamps are START times
2025-10-26 23:12:41,999 INFO o.a.j.s.SampleResult: sampleresult.default.encoding is set to UTF-8
2025-10-26 23:12:41,999 INFO o.a.j.s.SampleResult: sampleresult.useNanoTime=true
2025-10-26 23:12:41,999 INFO o.a.j.s.SampleResult: sampleresult.nanoThreadSleep=5000
2025-10-26 23:12:44,832 INFO o.a.j.t.JMeterThread: Thread started: Buyer Certificate Query 3-2
2025-10-26 23:12:46,826 INFO o.a.j.t.JMeterThread: Thread started: Generator Energy Report 1-2
2025-10-26 23:12:47,496 INFO o.a.j.t.JMeterThread: Thread started: Issuer Certificate Verification 2-2
2025-10-26 23:12:48,833 INFO o.a.j.t.JMeterThread: Thread started: Buyer Certificate Query 3-3
2025-10-26 23:12:52,823 INFO o.a.j.t.JMeterThread: Thread started: Generator Energy Report 1-3
2025-10-26 23:12:52,832 INFO o.a.j.t.JMeterThread: Thread started: Buyer Certificate Query 3-4
2025-10-26 23:12:54,164 INFO o.a.j.t.JMeterThread: Thread started: Issuer Certificate Verification 2-3
2025-10-26 23:12:56,831 INFO o.a.j.t.JMeterThread: Thread started: Buyer Certificate Query 3-5
2025-10-26 23:12:58,821 INFO o.a.j.t.JMeterThread: Thread started: Generator Energy Report 1-4
2025-10-26 23:13:00,832 INFO o.a.j.t.JMeterThread: Thread started: Buyer Certificate Query 3-6
2025-10-26 23:13:00,973 INFO o.a.j.r.Summariser: summary +     44 in 00:00:20 =    2.2/s Avg:     0 Min:     0 Max:     0 Err:    44 (100.00%) Active: 13 Started: 13 Finished: 0
2025-10-26 23:13:04,822 INFO o.a.j.t.JMeterThread: Thread started: Generator Energy Report 1-5
2025-10-26 23:13:04,832 INFO o.a.j.t.JMeterThread: Thread started: Buyer Certificate Query 3-7
2025-10-26 23:13:08,833 INFO o.a.j.t.JMeterThread: Thread started: Buyer Certificate Query 3-8
2025-10-26 23:13:12,831 INFO o.a.j.t.JMeterThread: Thread started: Buyer Certificate Query 3-9
2025-10-26 23:13:16,832 INFO o.a.j.t.JMeterThread: Thread started: Buyer Certificate Query 3-10
2025-10-26 23:13:30,078 INFO o.a.j.r.Summariser: summary +    178 in 00:00:29 =    6.1/s Avg:     0 Min:     0 Max:     0 Err:   178 (100.00%) Active: 18 Started: 18 Finished: 0
2025-10-26 23:13:30,079 INFO o.a.j.r.Summariser: summary =    222 in 00:00:49 =    4.5/s Avg:     0 Min:     0 Max:     0 Err:   222 (100.00%)
2025-10-26 23:13:39,362 INFO o.a.j.t.JMeterThread: Thread is done: Buyer Certificate Query 3-1
2025-10-26 23:13:39,362 INFO o.a.j.t.JMeterThread: Thread finished: Buyer Certificate Query 3-1
2025-10-26 23:13:40,193 INFO o.a.j.t.JMeterThread: Thread is done: Buyer Certificate Query 3-2
2025-10-26 23:13:40,193 INFO o.a.j.t.JMeterThread: Thread finished: Buyer Certificate Query 3-2
2025-10-26 23:13:54,378 INFO o.a.j.t.JMeterThread: Thread is done: Issuer Certificate Verification 2-1
2025-10-26 23:13:54,378 INFO o.a.j.t.JMeterThread: Thread finished: Issuer Certificate Verification 2-1
2025-10-26 23:13:54,774 INFO o.a.j.t.JMeterThread: Thread is done: Generator Energy Report 1-1
2025-10-26 23:13:54,774 INFO o.a.j.t.JMeterThread: Thread finished: Generator Energy Report 1-1
2025-10-26 23:13:55,985 INFO o.a.j.t.JMeterThread: Thread is done: Generator Energy Report 1-2
2025-10-26 23:13:55,986 INFO o.a.j.t.JMeterThread: Thread finished: Generator Energy Report 1-2
2025-10-26 23:13:56,369 INFO o.a.j.t.JMeterThread: Thread is done: Buyer Certificate Query 3-4
2025-10-26 23:13:56,369 INFO o.a.j.t.JMeterThread: Thread finished: Buyer Certificate Query 3-4
2025-10-26 23:13:57,745 INFO o.a.j.t.JMeterThread: Thread is done: Buyer Certificate Query 3-3
2025-10-26 23:13:57,746 INFO o.a.j.t.JMeterThread: Thread finished: Buyer Certificate Query 3-3
2025-10-26 23:13:57,957 INFO o.a.j.t.JMeterThread: Thread is done: Buyer Certificate Query 3-5
2025-10-26 23:13:57,957 INFO o.a.j.t.JMeterThread: Thread finished: Buyer Certificate Query 3-5
2025-10-26 23:14:00,268 INFO o.a.j.r.Summariser: summary +    185 in 00:00:30 =    6.1/s Avg:     0 Min:     0 Max:     0 Err:   185 (100.00%) Active: 10 Started: 18 Finished: 8
2025-10-26 23:14:00,268 INFO o.a.j.r.Summariser: summary =    407 in 00:01:19 =    5.1/s Avg:     0 Min:     0 Max:     0 Err:   407 (100.00%)
2025-10-26 23:14:00,491 INFO o.a.j.t.JMeterThread: Thread is done: Issuer Certificate Verification 2-2
2025-10-26 23:14:00,491 INFO o.a.j.t.JMeterThread: Thread finished: Issuer Certificate Verification 2-2
2025-10-26 23:14:02,496 INFO o.a.j.t.JMeterThread: Thread is done: Buyer Certificate Query 3-7
2025-10-26 23:14:02,497 INFO o.a.j.t.JMeterThread: Thread finished: Buyer Certificate Query 3-7
2025-10-26 23:14:04,228 INFO o.a.j.t.JMeterThread: Thread is done: Buyer Certificate Query 3-6
2025-10-26 23:14:04,228 INFO o.a.j.t.JMeterThread: Thread finished: Buyer Certificate Query 3-6
2025-10-26 23:14:06,820 INFO o.a.j.t.JMeterThread: Thread is done: Buyer Certificate Query 3-8
2025-10-26 23:14:06,820 INFO o.a.j.t.JMeterThread: Thread finished: Buyer Certificate Query 3-8
2025-10-26 23:14:09,054 INFO o.a.j.t.JMeterThread: Thread is done: Generator Energy Report 1-3
2025-10-26 23:14:09,054 INFO o.a.j.t.JMeterThread: Thread finished: Generator Energy Report 1-3
2025-10-26 23:14:12,172 INFO o.a.j.t.JMeterThread: Thread is done: Issuer Certificate Verification 2-3
2025-10-26 23:14:12,172 INFO o.a.j.t.JMeterThread: Thread finished: Issuer Certificate Verification 2-3
2025-10-26 23:14:12,214 INFO o.a.j.t.JMeterThread: Thread is done: Buyer Certificate Query 3-10
2025-10-26 23:14:12,214 INFO o.a.j.t.JMeterThread: Thread finished: Buyer Certificate Query 3-10
2025-10-26 23:14:12,492 INFO o.a.j.t.JMeterThread: Thread is done: Generator Energy Report 1-4
2025-10-26 23:14:12,493 INFO o.a.j.t.JMeterThread: Thread finished: Generator Energy Report 1-4
2025-10-26 23:14:17,531 INFO o.a.j.t.JMeterThread: Thread is done: Buyer Certificate Query 3-9
2025-10-26 23:14:17,532 INFO o.a.j.t.JMeterThread: Thread finished: Buyer Certificate Query 3-9
2025-10-26 23:14:17,733 INFO o.a.j.t.JMeterThread: Thread is done: Generator Energy Report 1-5
2025-10-26 23:14:17,733 INFO o.a.j.t.JMeterThread: Thread finished: Generator Energy Report 1-5
2025-10-26 23:14:17,734 INFO o.a.j.e.StandardJMeterEngine: Notifying test listeners of end of test
2025-10-26 23:14:17,735 INFO o.a.j.r.Summariser: summary +     38 in 00:00:17 =    2.2/s Avg:     0 Min:     0 Max:     0 Err:    38 (100.00%) Active: 0 Started: 18 Finished: 18
2025-10-26 23:14:17,736 INFO o.a.j.r.Summariser: summary =    445 in 00:01:37 =    4.6/s Avg:     0 Min:     0 Max:     0 Err:   445 (100.00%)
2025-10-26 23:14:17,736 INFO o.a.j.JMeter: Generating Dashboard
2025-10-26 23:14:17,736 INFO o.a.j.r.d.ReportGenerator: Flushing result collector before report Generation
2025-10-26 23:14:17,750 INFO o.a.j.r.p.NormalizerSampleConsumer: Using format, 'ms', to parse timeStamp field
2025-10-26 23:14:17,879 INFO o.a.j.r.p.AbstractSampleConsumer: class org.apache.jmeter.report.processor.AggregateConsumer#stopProducing(): beginDate produced 0 samples
2025-10-26 23:14:17,879 INFO o.a.j.r.p.AbstractSampleConsumer: class org.apache.jmeter.report.processor.AggregateConsumer#stopProducing(): endDate produced 0 samples
2025-10-26 23:14:17,881 INFO o.a.j.r.p.AbstractSampleConsumer: class org.apache.jmeter.report.processor.ApdexSummaryConsumer#stopProducing(): apdexSummary produced 0 samples
2025-10-26 23:14:17,881 INFO o.a.j.r.p.AbstractSampleConsumer: class org.apache.jmeter.report.processor.RequestsSummaryConsumer#stopProducing(): requestsSummary produced 0 samples
2025-10-26 23:14:17,885 INFO o.a.j.r.p.AbstractSampleConsumer: class org.apache.jmeter.report.processor.StatisticsSummaryConsumer#stopProducing(): statisticsSummary produced 0 samples
2025-10-26 23:14:17,887 INFO o.a.j.r.p.AbstractSampleConsumer: class org.apache.jmeter.report.processor.Top5ErrorsBySamplerConsumer#stopProducing(): top5ErrorsBySampler produced 0 samples
2025-10-26 23:14:17,887 INFO o.a.j.r.p.AbstractSampleConsumer: class org.apache.jmeter.report.processor.ErrorsSummaryConsumer#stopProducing(): errorsSummary produced 0 samples
2025-10-26 23:14:17,887 INFO o.a.j.r.p.AbstractSampleConsumer: class org.apache.jmeter.report.processor.graph.impl.HitsPerSecondGraphConsumer#stopProducing(): hitsPerSecond produced 0 samples
2025-10-26 23:14:17,907 INFO o.a.j.r.p.AbstractSampleConsumer: class org.apache.jmeter.report.processor.graph.impl.LatencyVSRequestGraphConsumer#stopProducing(): latencyVsRequest produced 0 samples
2025-10-26 23:14:17,907 INFO o.a.j.r.p.AbstractSampleConsumer: class org.apache.jmeter.report.processor.graph.impl.SyntheticResponseTimeDistributionGraphConsumer#stopProducing(): syntheticResponseTimeDistribution produced 0 samples
2025-10-26 23:14:17,908 INFO o.a.j.r.p.AbstractSampleConsumer: class org.apache.jmeter.report.processor.graph.impl.BytesThroughputGraphConsumer#stopProducing(): bytesThroughputOverTime produced 0 samples
2025-10-26 23:14:17,908 INFO o.a.j.r.p.AbstractSampleConsumer: class org.apache.jmeter.report.processor.graph.impl.CodesPerSecondGraphConsumer#stopProducing(): codesPerSecond produced 0 samples
2025-10-26 23:14:17,923 INFO o.a.j.r.p.AbstractSampleConsumer: class org.apache.jmeter.report.processor.graph.impl.ResponseTimeVSRequestGraphConsumer#stopProducing(): responseTimeVsRequest produced 0 samples
2025-10-26 23:14:17,924 INFO o.a.j.r.p.AbstractSampleConsumer: class org.apache.jmeter.report.processor.FilterConsumer#stopProducing(): startIntervalControlerFilter produced 3115 samples
2025-10-26 23:14:17,924 INFO o.a.j.r.p.AbstractSampleConsumer: class org.apache.jmeter.report.processor.graph.impl.TotalTPSGraphConsumer#stopProducing(): totalTPS produced 0 samples
2025-10-26 23:14:17,924 INFO o.a.j.r.p.AbstractSampleConsumer: class org.apache.jmeter.report.processor.graph.impl.ActiveThreadsGraphConsumer#stopProducing(): activeThreadsOverTime produced 0 samples
2025-10-26 23:14:17,924 INFO o.a.j.r.p.AbstractSampleConsumer: class org.apache.jmeter.report.processor.graph.impl.TimeVSThreadGraphConsumer#stopProducing(): timeVsThreads produced 0 samples
2025-10-26 23:14:17,924 INFO o.a.j.r.p.AbstractSampleConsumer: class org.apache.jmeter.report.processor.graph.impl.ResponseTimeDistributionGraphConsumer#stopProducing(): responseTimeDistribution produced 0 samples
2025-10-26 23:14:17,924 INFO o.a.j.r.p.AbstractSampleConsumer: class org.apache.jmeter.report.processor.graph.impl.TransactionsPerSecondGraphConsumer#stopProducing(): transactionsPerSecond produced 0 samples
2025-10-26 23:14:17,925 INFO o.a.j.r.p.AbstractSampleConsumer: class org.apache.jmeter.report.processor.graph.impl.ResponseTimePercentilesGraphConsumer#stopProducing(): responseTimePercentiles produced 0 samples
2025-10-26 23:14:17,926 INFO o.a.j.r.p.AbstractSampleConsumer: class org.apache.jmeter.report.processor.graph.impl.ResponseTimePercentilesOverTimeGraphConsumer#stopProducing(): responseTimePercentilesOverTime produced 0 samples
2025-10-26 23:14:17,926 INFO o.a.j.r.p.AbstractSampleConsumer: class org.apache.jmeter.report.processor.graph.impl.ResponseTimeOverTimeGraphConsumer#stopProducing(): responseTimesOverTime produced 0 samples
2025-10-26 23:14:17,926 INFO o.a.j.r.p.AbstractSampleConsumer: class org.apache.jmeter.report.processor.graph.impl.ConnectTimeOverTimeGraphConsumer#stopProducing(): connectTimeOverTime produced 0 samples
2025-10-26 23:14:17,926 INFO o.a.j.r.p.AbstractSampleConsumer: class org.apache.jmeter.report.processor.graph.impl.LatencyOverTimeGraphConsumer#stopProducing(): latenciesOverTime produced 0 samples
2025-10-26 23:14:17,926 INFO o.a.j.r.p.AbstractSampleConsumer: class org.apache.jmeter.report.processor.FilterConsumer#stopProducing(): nameFilter produced 6675 samples
2025-10-26 23:14:17,926 INFO o.a.j.r.p.AbstractSampleConsumer: class org.apache.jmeter.report.processor.FilterConsumer#stopProducing(): dateRangeFilter produced 1335 samples
2025-10-26 23:14:17,926 INFO o.a.j.r.p.AbstractSampleConsumer: class org.apache.jmeter.report.processor.NormalizerSampleConsumer#stopProducing(): normalizer produced 445 samples
2025-10-26 23:14:17,927 INFO o.a.j.r.p.CsvFileSampleSource: produce(): 445 samples produced in 148ms on channel 0
2025-10-26 23:14:17,927 INFO o.a.j.r.d.ReportGenerator: Exporting data using exporter:'json' of className:'org.apache.jmeter.report.dashboard.JsonExporter'
2025-10-26 23:14:18,006 INFO o.a.j.r.d.JsonExporter: Found data for consumer statisticsSummary in context
2025-10-26 23:14:18,006 INFO o.a.j.r.d.JsonExporter: Creating statistics for overall
2025-10-26 23:14:18,006 INFO o.a.j.r.d.JsonExporter: Creating statistics for other transactions
2025-10-26 23:14:18,007 INFO o.a.j.r.d.JsonExporter: Checking output folder
2025-10-26 23:14:18,007 INFO o.a.j.r.d.JsonExporter: Writing statistics JSON to /home/najla/Downloads/REC-Blockchain/org-latency-results/org_html_report_20251026_231239/statistics.json
2025-10-26 23:14:18,045 INFO o.a.j.r.d.ReportGenerator: Exporting data using exporter:'html' of className:'org.apache.jmeter.report.dashboard.HtmlTemplateExporter'
2025-10-26 23:14:18,049 INFO o.a.j.r.d.HtmlTemplateExporter: Will generate dashboard in folder: /home/najla/Downloads/REC-Blockchain/org-latency-results/org_html_report_20251026_231239
2025-10-26 23:14:18,152 INFO o.a.j.r.d.HtmlTemplateExporter: Report will be generated in: /home/najla/Downloads/REC-Blockchain/org-latency-results/org_html_report_20251026_231239, creating folder structure
2025-10-26 23:14:18,155 INFO o.a.j.r.d.TemplateVisitor: Copying folder from '/home/najla/Downloads/apache-jmeter-5.6.3/bin/report-template' to '/home/najla/Downloads/REC-Blockchain/org-latency-results/org_html_report_20251026_231239', got message: /home/najla/Downloads/REC-Blockchain/org-latency-results/org_html_report_20251026_231239, found non empty folder with following content [/home/najla/Downloads/REC-Blockchain/org-latency-results/org_html_report_20251026_231239/statistics.json], will be ignored
2025-10-26 23:14:18,360 INFO o.a.j.JMeter: Dashboard generated
