2025-10-26 23:33:52,107 INFO o.a.j.u.JMeterUtils: Setting Locale to en_EN
2025-10-26 23:33:52,130 INFO o.a.j.JMeter: Loading user properties from: /home/najla/Downloads/apache-jmeter-5.6.3/bin/user.properties
2025-10-26 23:33:52,131 INFO o.a.j.JMeter: Loading system properties from: /home/najla/Downloads/apache-jmeter-5.6.3/bin/system.properties
2025-10-26 23:33:52,136 INFO o.a.j.JMeter: Copyright (c) 1998-2024 The Apache Software Foundation
2025-10-26 23:33:52,136 INFO o.a.j.JMeter: Version 5.6.3
2025-10-26 23:33:52,136 INFO o.a.j.JMeter: java.version=11.0.28
2025-10-26 23:33:52,136 INFO o.a.j.JMeter: java.vm.name=OpenJDK 64-Bit Server VM
2025-10-26 23:33:52,136 INFO o.a.j.JMeter: os.name=Linux
2025-10-26 23:33:52,136 INFO o.a.j.JMeter: os.arch=amd64
2025-10-26 23:33:52,136 INFO o.a.j.JMeter: os.version=6.14.0-32-generic
2025-10-26 23:33:52,136 INFO o.a.j.JMeter: file.encoding=UTF-8
2025-10-26 23:33:52,136 INFO o.a.j.JMeter: java.awt.headless=true
2025-10-26 23:33:52,136 INFO o.a.j.JMeter: Max memory     =1073741824
2025-10-26 23:33:52,137 INFO o.a.j.JMeter: Available Processors =22
2025-10-26 23:33:52,145 INFO o.a.j.JMeter: Default Locale=English (EN)
2025-10-26 23:33:52,146 INFO o.a.j.JMeter: JMeter  Locale=English (EN)
2025-10-26 23:33:52,146 INFO o.a.j.JMeter: JMeterHome=/home/najla/Downloads/apache-jmeter-5.6.3
2025-10-26 23:33:52,146 INFO o.a.j.JMeter: user.dir  =/home/najla/Downloads/REC-Blockchain
2025-10-26 23:33:52,146 INFO o.a.j.JMeter: PWD       =/home/najla/Downloads/REC-Blockchain
2025-10-26 23:33:52,146 INFO o.a.j.JMeter: IP: 127.0.1.1 Name: najla FullName: najla
2025-10-26 23:33:52,160 INFO o.a.j.JMeter: Setting property 'jmeter.reportgenerator.outputdir' to:'/home/najla/Downloads/REC-Blockchain/step12-results/step12_html_report_20251026_233351'
2025-10-26 23:33:52,163 INFO o.a.j.s.FileServer: Default base='/home/najla/Downloads/REC-Blockchain'
2025-10-26 23:33:52,165 INFO o.a.j.s.FileServer: Set new base='/home/najla/Downloads/REC-Blockchain'
2025-10-26 23:33:52,354 INFO o.a.j.s.SaveService: Testplan (JMX) version: 2.2. Testlog (JTL) version: 2.2
2025-10-26 23:33:52,383 INFO o.a.j.s.SaveService: Using SaveService properties version 5.0
2025-10-26 23:33:52,387 INFO o.a.j.s.SaveService: Using SaveService properties file encoding UTF-8
2025-10-26 23:33:52,390 INFO o.a.j.s.SaveService: Loading file: /home/najla/Downloads/REC-Blockchain/jmeter-step12-test.jmx
2025-10-26 23:33:52,450 INFO o.a.j.p.h.s.HTTPSamplerBase: Parser for text/html is org.apache.jmeter.protocol.http.parser.LagartoBasedHtmlParser
2025-10-26 23:33:52,450 INFO o.a.j.p.h.s.HTTPSamplerBase: Parser for application/xhtml+xml is org.apache.jmeter.protocol.http.parser.LagartoBasedHtmlParser
2025-10-26 23:33:52,451 INFO o.a.j.p.h.s.HTTPSamplerBase: Parser for application/xml is org.apache.jmeter.protocol.http.parser.LagartoBasedHtmlParser
2025-10-26 23:33:52,451 INFO o.a.j.p.h.s.HTTPSamplerBase: Parser for text/xml is org.apache.jmeter.protocol.http.parser.LagartoBasedHtmlParser
2025-10-26 23:33:52,451 INFO o.a.j.p.h.s.HTTPSamplerBase: Parser for text/vnd.wap.wml is org.apache.jmeter.protocol.http.parser.RegexpHTMLParser
2025-10-26 23:33:52,451 INFO o.a.j.p.h.s.HTTPSamplerBase: Parser for text/css is org.apache.jmeter.protocol.http.parser.CssParser
2025-10-26 23:33:52,502 INFO o.a.j.JMeter: Creating summariser <summary>
2025-10-26 23:33:52,507 INFO o.a.j.r.d.ReportGenerator: ReportGenerator will use for Parsing the separator: ','
2025-10-26 23:33:52,508 INFO o.a.j.r.d.ReportGenerator: Will generate report at end of test from  results file: /home/najla/Downloads/REC-Blockchain/step12-results/step12_results_20251026_233351.jtl
2025-10-26 23:33:52,508 INFO o.a.j.r.d.ReportGenerator: Reading report generator properties from: /home/najla/Downloads/apache-jmeter-5.6.3/bin/reportgenerator.properties
2025-10-26 23:33:52,508 INFO o.a.j.r.d.ReportGenerator: Merging with JMeter properties
2025-10-26 23:33:52,513 INFO o.a.j.r.c.ReportGeneratorConfiguration: Property 'jmeter.reportgenerator.temp_dir' not found, using default value 'temp' instead.
2025-10-26 23:33:52,515 INFO o.a.j.r.c.ReportGeneratorConfiguration: Property 'jmeter.reportgenerator.apdex_per_transaction' not found, using default value 'null' instead.
2025-10-26 23:33:52,515 INFO o.a.j.r.c.ReportGeneratorConfiguration: apdex_per_transaction is empty, not APDEX per transaction customization
2025-10-26 23:33:52,515 INFO o.a.j.r.c.ReportGeneratorConfiguration: Property 'jmeter.reportgenerator.sample_filter' not found, using default value 'null' instead.
2025-10-26 23:33:52,515 INFO o.a.j.r.c.ReportGeneratorConfiguration: Property 'jmeter.reportgenerator.report_title' not found, using default value 'null' instead.
2025-10-26 23:33:52,516 INFO o.a.j.r.c.ReportGeneratorConfiguration: Property 'jmeter.reportgenerator.start_date' not found, using default value 'null' instead.
2025-10-26 23:33:52,516 INFO o.a.j.r.c.ReportGeneratorConfiguration: Property 'jmeter.reportgenerator.end_date' not found, using default value 'null' instead.
2025-10-26 23:33:52,516 INFO o.a.j.r.c.ReportGeneratorConfiguration: Property 'jmeter.reportgenerator.date_format' not found, using default value 'null' instead.
2025-10-26 23:33:52,516 INFO o.a.j.r.c.ReportGeneratorConfiguration: Will use date range start date: null, end date: null
2025-10-26 23:33:52,520 INFO o.a.j.r.c.ReportGeneratorConfiguration: Property 'jmeter.reportgenerator.graph.totalTPS.exclude_controllers' not found, using default value 'false' instead.
2025-10-26 23:33:52,520 INFO o.a.j.r.c.ReportGeneratorConfiguration: Property 'jmeter.reportgenerator.graph.activeThreadsOverTime.exclude_controllers' not found, using default value 'false' instead.
2025-10-26 23:33:52,520 INFO o.a.j.r.c.ReportGeneratorConfiguration: Property 'jmeter.reportgenerator.graph.timeVsThreads.exclude_controllers' not found, using default value 'false' instead.
2025-10-26 23:33:52,520 INFO o.a.j.r.c.ReportGeneratorConfiguration: Property 'jmeter.reportgenerator.graph.responseTimeDistribution.exclude_controllers' not found, using default value 'false' instead.
2025-10-26 23:33:52,520 INFO o.a.j.r.c.ReportGeneratorConfiguration: Property 'jmeter.reportgenerator.graph.transactionsPerSecond.exclude_controllers' not found, using default value 'false' instead.
2025-10-26 23:33:52,520 INFO o.a.j.r.c.ReportGeneratorConfiguration: Property 'jmeter.reportgenerator.graph.responseTimePercentiles.exclude_controllers' not found, using default value 'false' instead.
2025-10-26 23:33:52,521 INFO o.a.j.r.c.ReportGeneratorConfiguration: Property 'jmeter.reportgenerator.graph.responseTimePercentilesOverTime.exclude_controllers' not found, using default value 'false' instead.
2025-10-26 23:33:52,521 INFO o.a.j.r.c.ReportGeneratorConfiguration: Property 'jmeter.reportgenerator.graph.responseTimesOverTime.exclude_controllers' not found, using default value 'false' instead.
2025-10-26 23:33:52,521 INFO o.a.j.r.c.ReportGeneratorConfiguration: Property 'jmeter.reportgenerator.graph.connectTimeOverTime.exclude_controllers' not found, using default value 'false' instead.
2025-10-26 23:33:52,521 INFO o.a.j.r.c.ReportGeneratorConfiguration: Property 'jmeter.reportgenerator.graph.latenciesOverTime.exclude_controllers' not found, using default value 'false' instead.
2025-10-26 23:33:52,522 INFO o.a.j.r.c.ReportGeneratorConfiguration: Property 'jmeter.reportgenerator.exporter.json.filters_only_sample_series' not found, using default value 'true' instead.
2025-10-26 23:33:52,522 INFO o.a.j.r.c.ReportGeneratorConfiguration: Property 'jmeter.reportgenerator.exporter.json.series_filter' not found, using default value '' instead.
2025-10-26 23:33:52,522 INFO o.a.j.r.c.ReportGeneratorConfiguration: Property 'jmeter.reportgenerator.exporter.json.show_controllers_only' not found, using default value 'false' instead.
2025-10-26 23:33:52,522 INFO o.a.j.r.c.ReportGeneratorConfiguration: Property 'jmeter.reportgenerator.exporter.html.filters_only_sample_series' not found, using default value 'true' instead.
2025-10-26 23:33:52,522 INFO o.a.j.r.c.ReportGeneratorConfiguration: Property 'jmeter.reportgenerator.exporter.html.series_filter' not found, using default value '' instead.
2025-10-26 23:33:52,522 INFO o.a.j.r.c.ReportGeneratorConfiguration: Property 'jmeter.reportgenerator.exporter.html.show_controllers_only' not found, using default value 'false' instead.
2025-10-26 23:33:52,535 INFO o.a.j.e.StandardJMeterEngine: Running the test!
2025-10-26 23:33:52,537 INFO o.a.j.s.SampleEvent: List of sample_variables: []
2025-10-26 23:33:52,537 INFO o.a.j.s.SampleEvent: List of sample_variables: []
2025-10-26 23:33:52,550 INFO o.a.j.e.u.CompoundVariable: Note: Function class names must contain the string: '.functions.'
2025-10-26 23:33:52,550 INFO o.a.j.e.u.CompoundVariable: Note: Function class names must not contain the string: '.gui.'
2025-10-26 23:33:52,859 INFO o.a.j.JMeter: Running test (1761496432859)
2025-10-26 23:33:52,880 INFO o.a.j.e.StandardJMeterEngine: Starting ThreadGroup: 1 : Energy Submit
2025-10-26 23:33:52,880 INFO o.a.j.e.StandardJMeterEngine: Starting 5 threads for group Energy Submit.
2025-10-26 23:33:52,880 INFO o.a.j.e.StandardJMeterEngine: Thread will continue on error
2025-10-26 23:33:52,881 INFO o.a.j.t.ThreadGroup: Starting thread group... number=1 threads=5 ramp-up=30 delayedStart=false
2025-10-26 23:33:52,890 INFO o.a.j.t.ThreadGroup: Started thread group number 1
2025-10-26 23:33:52,891 INFO o.a.j.e.StandardJMeterEngine: Starting ThreadGroup: 2 : Energy Verify
2025-10-26 23:33:52,891 INFO o.a.j.e.StandardJMeterEngine: Starting 3 threads for group Energy Verify.
2025-10-26 23:33:52,891 INFO o.a.j.e.StandardJMeterEngine: Thread will continue on error
2025-10-26 23:33:52,891 INFO o.a.j.t.ThreadGroup: Starting thread group... number=2 threads=3 ramp-up=20 delayedStart=false
2025-10-26 23:33:52,895 INFO o.a.j.t.JMeterThread: Thread started: Energy Verify 2-1
2025-10-26 23:33:52,894 INFO o.a.j.t.JMeterThread: Thread started: Energy Submit 1-1
2025-10-26 23:33:52,895 INFO o.a.j.t.ThreadGroup: Started thread group number 2
2025-10-26 23:33:52,896 INFO o.a.j.e.StandardJMeterEngine: Starting ThreadGroup: 3 : Energy Query
2025-10-26 23:33:52,896 INFO o.a.j.e.StandardJMeterEngine: Starting 8 threads for group Energy Query.
2025-10-26 23:33:52,896 INFO o.a.j.e.StandardJMeterEngine: Thread will continue on error
2025-10-26 23:33:52,896 INFO o.a.j.t.ThreadGroup: Starting thread group... number=3 threads=8 ramp-up=40 delayedStart=false
2025-10-26 23:33:52,897 INFO o.a.j.t.JMeterThread: Thread started: Energy Query 3-1
2025-10-26 23:33:52,901 INFO o.a.j.t.ThreadGroup: Started thread group number 3
2025-10-26 23:33:52,901 INFO o.a.j.e.StandardJMeterEngine: All thread groups have been started
2025-10-26 23:33:56,483 INFO o.a.j.p.h.s.HTTPHCAbstractImpl: Local host = najla
2025-10-26 23:33:56,491 INFO o.a.j.p.h.s.HTTPHC4Impl: HTTP request retry count = 0
2025-10-26 23:33:56,514 INFO o.a.j.s.SampleResult: Note: Sample TimeStamps are START times
2025-10-26 23:33:56,514 INFO o.a.j.s.SampleResult: sampleresult.default.encoding is set to UTF-8
2025-10-26 23:33:56,514 INFO o.a.j.s.SampleResult: sampleresult.useNanoTime=true
2025-10-26 23:33:56,514 INFO o.a.j.s.SampleResult: sampleresult.nanoThreadSleep=5000
2025-10-26 23:33:57,899 INFO o.a.j.t.JMeterThread: Thread started: Energy Query 3-2
2025-10-26 23:33:58,889 INFO o.a.j.t.JMeterThread: Thread started: Energy Submit 1-2
2025-10-26 23:33:59,560 INFO o.a.j.t.JMeterThread: Thread started: Energy Verify 2-2
2025-10-26 23:34:00,503 INFO o.a.j.r.Summariser: summary +      3 in 00:00:08 =    0.4/s Avg:   994 Min:   212 Max:  2553 Err:     0 (0.00%) Active: 6 Started: 6 Finished: 0
2025-10-26 23:34:02,897 INFO o.a.j.t.JMeterThread: Thread started: Energy Query 3-3
2025-10-26 23:34:04,887 INFO o.a.j.t.JMeterThread: Thread started: Energy Submit 1-3
2025-10-26 23:34:06,226 INFO o.a.j.t.JMeterThread: Thread started: Energy Verify 2-3
2025-10-26 23:34:07,897 INFO o.a.j.t.JMeterThread: Thread started: Energy Query 3-4
2025-10-26 23:34:10,888 INFO o.a.j.t.JMeterThread: Thread started: Energy Submit 1-4
2025-10-26 23:34:12,898 INFO o.a.j.t.JMeterThread: Thread started: Energy Query 3-5
2025-10-26 23:34:16,887 INFO o.a.j.t.JMeterThread: Thread started: Energy Submit 1-5
2025-10-26 23:34:17,896 INFO o.a.j.t.JMeterThread: Thread started: Energy Query 3-6
2025-10-26 23:34:22,897 INFO o.a.j.t.JMeterThread: Thread started: Energy Query 3-7
2025-10-26 23:34:27,896 INFO o.a.j.t.JMeterThread: Thread started: Energy Query 3-8
2025-10-26 23:34:30,130 INFO o.a.j.r.Summariser: summary +     77 in 00:00:30 =    2.6/s Avg:   548 Min:   161 Max:  2566 Err:     8 (10.39%) Active: 16 Started: 16 Finished: 0
2025-10-26 23:34:30,131 INFO o.a.j.r.Summariser: summary =     80 in 00:00:37 =    2.1/s Avg:   565 Min:   161 Max:  2566 Err:     8 (10.00%)
2025-10-26 23:34:32,181 INFO o.a.j.t.JMeterThread: Thread is done: Energy Query 3-1
2025-10-26 23:34:32,181 INFO o.a.j.t.JMeterThread: Thread finished: Energy Query 3-1
2025-10-26 23:34:35,718 INFO o.a.j.t.JMeterThread: Thread is done: Energy Query 3-3
2025-10-26 23:34:35,718 INFO o.a.j.t.JMeterThread: Thread finished: Energy Query 3-3
2025-10-26 23:34:42,107 INFO o.a.j.t.JMeterThread: Thread is done: Energy Query 3-2
2025-10-26 23:34:42,107 INFO o.a.j.t.JMeterThread: Thread finished: Energy Query 3-2
2025-10-26 23:34:46,357 INFO o.a.j.t.JMeterThread: Thread is done: Energy Query 3-4
2025-10-26 23:34:46,358 INFO o.a.j.t.JMeterThread: Thread finished: Energy Query 3-4
2025-10-26 23:34:49,567 INFO o.a.j.t.JMeterThread: Thread is done: Energy Query 3-5
2025-10-26 23:34:49,568 INFO o.a.j.t.JMeterThread: Thread finished: Energy Query 3-5
2025-10-26 23:34:58,384 INFO o.a.j.t.JMeterThread: Thread is done: Energy Query 3-6
2025-10-26 23:34:58,384 INFO o.a.j.t.JMeterThread: Thread finished: Energy Query 3-6
2025-10-26 23:35:00,770 INFO o.a.j.r.Summariser: summary +     86 in 00:00:31 =    2.8/s Avg:   706 Min:   160 Max:  2562 Err:    10 (11.63%) Active: 10 Started: 16 Finished: 6
2025-10-26 23:35:00,771 INFO o.a.j.r.Summariser: summary =    166 in 00:01:08 =    2.4/s Avg:   638 Min:   160 Max:  2566 Err:    18 (10.84%)
2025-10-26 23:35:04,654 INFO o.a.j.t.JMeterThread: Thread is done: Energy Query 3-8
2025-10-26 23:35:04,655 INFO o.a.j.t.JMeterThread: Thread finished: Energy Query 3-8
2025-10-26 23:35:05,234 INFO o.a.j.t.JMeterThread: Thread is done: Energy Query 3-7
2025-10-26 23:35:05,235 INFO o.a.j.t.JMeterThread: Thread finished: Energy Query 3-7
2025-10-26 23:35:09,963 INFO o.a.j.t.JMeterThread: Thread is done: Energy Submit 1-1
2025-10-26 23:35:09,963 INFO o.a.j.t.JMeterThread: Thread finished: Energy Submit 1-1
2025-10-26 23:35:24,292 INFO o.a.j.t.JMeterThread: Thread is done: Energy Submit 1-4
2025-10-26 23:35:24,293 INFO o.a.j.t.JMeterThread: Thread finished: Energy Submit 1-4
2025-10-26 23:35:25,628 INFO o.a.j.t.JMeterThread: Thread is done: Energy Verify 2-1
2025-10-26 23:35:25,628 INFO o.a.j.t.JMeterThread: Thread finished: Energy Verify 2-1
2025-10-26 23:35:26,197 INFO o.a.j.t.JMeterThread: Thread is done: Energy Submit 1-2
2025-10-26 23:35:26,198 INFO o.a.j.t.JMeterThread: Thread finished: Energy Submit 1-2
2025-10-26 23:35:31,845 INFO o.a.j.r.Summariser: summary +     31 in 00:00:31 =    1.0/s Avg:  1258 Min:   162 Max:  2564 Err:    12 (38.71%) Active: 4 Started: 16 Finished: 12
2025-10-26 23:35:31,846 INFO o.a.j.r.Summariser: summary =    197 in 00:01:39 =    2.0/s Avg:   736 Min:   160 Max:  2566 Err:    30 (15.23%)
2025-10-26 23:35:31,846 INFO o.a.j.t.JMeterThread: Thread is done: Energy Submit 1-5
2025-10-26 23:35:31,846 INFO o.a.j.t.JMeterThread: Thread finished: Energy Submit 1-5
2025-10-26 23:35:31,955 INFO o.a.j.t.JMeterThread: Thread is done: Energy Submit 1-3
2025-10-26 23:35:31,955 INFO o.a.j.t.JMeterThread: Thread finished: Energy Submit 1-3
2025-10-26 23:35:32,670 INFO o.a.j.t.JMeterThread: Thread is done: Energy Verify 2-2
2025-10-26 23:35:32,670 INFO o.a.j.t.JMeterThread: Thread finished: Energy Verify 2-2
2025-10-26 23:35:35,232 INFO o.a.j.t.JMeterThread: Thread is done: Energy Verify 2-3
2025-10-26 23:35:35,232 INFO o.a.j.t.JMeterThread: Thread finished: Energy Verify 2-3
2025-10-26 23:35:35,232 INFO o.a.j.e.StandardJMeterEngine: Notifying test listeners of end of test
2025-10-26 23:35:35,233 INFO o.a.j.r.Summariser: summary +      3 in 00:00:03 =    0.9/s Avg:   990 Min:   201 Max:  2562 Err:     2 (66.67%) Active: 0 Started: 16 Finished: 16
2025-10-26 23:35:35,234 INFO o.a.j.r.Summariser: summary =    200 in 00:01:42 =    2.0/s Avg:   739 Min:   160 Max:  2566 Err:    32 (16.00%)
2025-10-26 23:35:35,234 INFO o.a.j.JMeter: Generating Dashboard
2025-10-26 23:35:35,234 INFO o.a.j.r.d.ReportGenerator: Flushing result collector before report Generation
2025-10-26 23:35:35,247 INFO o.a.j.r.p.NormalizerSampleConsumer: Using format, 'ms', to parse timeStamp field
2025-10-26 23:35:35,358 INFO o.a.j.r.p.AbstractSampleConsumer: class org.apache.jmeter.report.processor.AggregateConsumer#stopProducing(): beginDate produced 0 samples
2025-10-26 23:35:35,359 INFO o.a.j.r.p.AbstractSampleConsumer: class org.apache.jmeter.report.processor.AggregateConsumer#stopProducing(): endDate produced 0 samples
2025-10-26 23:35:35,361 INFO o.a.j.r.p.AbstractSampleConsumer: class org.apache.jmeter.report.processor.ApdexSummaryConsumer#stopProducing(): apdexSummary produced 0 samples
2025-10-26 23:35:35,361 INFO o.a.j.r.p.AbstractSampleConsumer: class org.apache.jmeter.report.processor.RequestsSummaryConsumer#stopProducing(): requestsSummary produced 0 samples
2025-10-26 23:35:35,365 INFO o.a.j.r.p.AbstractSampleConsumer: class org.apache.jmeter.report.processor.StatisticsSummaryConsumer#stopProducing(): statisticsSummary produced 0 samples
2025-10-26 23:35:35,366 INFO o.a.j.r.p.AbstractSampleConsumer: class org.apache.jmeter.report.processor.Top5ErrorsBySamplerConsumer#stopProducing(): top5ErrorsBySampler produced 0 samples
2025-10-26 23:35:35,367 INFO o.a.j.r.p.AbstractSampleConsumer: class org.apache.jmeter.report.processor.ErrorsSummaryConsumer#stopProducing(): errorsSummary produced 0 samples
2025-10-26 23:35:35,367 INFO o.a.j.r.p.AbstractSampleConsumer: class org.apache.jmeter.report.processor.graph.impl.HitsPerSecondGraphConsumer#stopProducing(): hitsPerSecond produced 0 samples
2025-10-26 23:35:35,385 INFO o.a.j.r.p.AbstractSampleConsumer: class org.apache.jmeter.report.processor.graph.impl.LatencyVSRequestGraphConsumer#stopProducing(): latencyVsRequest produced 0 samples
2025-10-26 23:35:35,385 INFO o.a.j.r.p.AbstractSampleConsumer: class org.apache.jmeter.report.processor.graph.impl.SyntheticResponseTimeDistributionGraphConsumer#stopProducing(): syntheticResponseTimeDistribution produced 0 samples
2025-10-26 23:35:35,386 INFO o.a.j.r.p.AbstractSampleConsumer: class org.apache.jmeter.report.processor.graph.impl.BytesThroughputGraphConsumer#stopProducing(): bytesThroughputOverTime produced 0 samples
2025-10-26 23:35:35,386 INFO o.a.j.r.p.AbstractSampleConsumer: class org.apache.jmeter.report.processor.graph.impl.CodesPerSecondGraphConsumer#stopProducing(): codesPerSecond produced 0 samples
2025-10-26 23:35:35,390 INFO o.a.j.r.p.AbstractSampleConsumer: class org.apache.jmeter.report.processor.graph.impl.ResponseTimeVSRequestGraphConsumer#stopProducing(): responseTimeVsRequest produced 0 samples
2025-10-26 23:35:35,391 INFO o.a.j.r.p.AbstractSampleConsumer: class org.apache.jmeter.report.processor.FilterConsumer#stopProducing(): startIntervalControlerFilter produced 1400 samples
2025-10-26 23:35:35,391 INFO o.a.j.r.p.AbstractSampleConsumer: class org.apache.jmeter.report.processor.graph.impl.TotalTPSGraphConsumer#stopProducing(): totalTPS produced 0 samples
2025-10-26 23:35:35,391 INFO o.a.j.r.p.AbstractSampleConsumer: class org.apache.jmeter.report.processor.graph.impl.ActiveThreadsGraphConsumer#stopProducing(): activeThreadsOverTime produced 0 samples
2025-10-26 23:35:35,391 INFO o.a.j.r.p.AbstractSampleConsumer: class org.apache.jmeter.report.processor.graph.impl.TimeVSThreadGraphConsumer#stopProducing(): timeVsThreads produced 0 samples
2025-10-26 23:35:35,391 INFO o.a.j.r.p.AbstractSampleConsumer: class org.apache.jmeter.report.processor.graph.impl.ResponseTimeDistributionGraphConsumer#stopProducing(): responseTimeDistribution produced 0 samples
2025-10-26 23:35:35,391 INFO o.a.j.r.p.AbstractSampleConsumer: class org.apache.jmeter.report.processor.graph.impl.TransactionsPerSecondGraphConsumer#stopProducing(): transactionsPerSecond produced 0 samples
2025-10-26 23:35:35,392 INFO o.a.j.r.p.AbstractSampleConsumer: class org.apache.jmeter.report.processor.graph.impl.ResponseTimePercentilesGraphConsumer#stopProducing(): responseTimePercentiles produced 0 samples
2025-10-26 23:35:35,393 INFO o.a.j.r.p.AbstractSampleConsumer: class org.apache.jmeter.report.processor.graph.impl.ResponseTimePercentilesOverTimeGraphConsumer#stopProducing(): responseTimePercentilesOverTime produced 0 samples
2025-10-26 23:35:35,394 INFO o.a.j.r.p.AbstractSampleConsumer: class org.apache.jmeter.report.processor.graph.impl.ResponseTimeOverTimeGraphConsumer#stopProducing(): responseTimesOverTime produced 0 samples
2025-10-26 23:35:35,394 INFO o.a.j.r.p.AbstractSampleConsumer: class org.apache.jmeter.report.processor.graph.impl.ConnectTimeOverTimeGraphConsumer#stopProducing(): connectTimeOverTime produced 0 samples
2025-10-26 23:35:35,394 INFO o.a.j.r.p.AbstractSampleConsumer: class org.apache.jmeter.report.processor.graph.impl.LatencyOverTimeGraphConsumer#stopProducing(): latenciesOverTime produced 0 samples
2025-10-26 23:35:35,394 INFO o.a.j.r.p.AbstractSampleConsumer: class org.apache.jmeter.report.processor.FilterConsumer#stopProducing(): nameFilter produced 3000 samples
2025-10-26 23:35:35,394 INFO o.a.j.r.p.AbstractSampleConsumer: class org.apache.jmeter.report.processor.FilterConsumer#stopProducing(): dateRangeFilter produced 600 samples
2025-10-26 23:35:35,394 INFO o.a.j.r.p.AbstractSampleConsumer: class org.apache.jmeter.report.processor.NormalizerSampleConsumer#stopProducing(): normalizer produced 200 samples
2025-10-26 23:35:35,395 INFO o.a.j.r.p.CsvFileSampleSource: produce(): 200 samples produced in 115ms on channel 0
2025-10-26 23:35:35,395 INFO o.a.j.r.d.ReportGenerator: Exporting data using exporter:'json' of className:'org.apache.jmeter.report.dashboard.JsonExporter'
2025-10-26 23:35:35,488 INFO o.a.j.r.d.JsonExporter: Found data for consumer statisticsSummary in context
2025-10-26 23:35:35,488 INFO o.a.j.r.d.JsonExporter: Creating statistics for overall
2025-10-26 23:35:35,489 INFO o.a.j.r.d.JsonExporter: Creating statistics for other transactions
2025-10-26 23:35:35,489 INFO o.a.j.r.d.JsonExporter: Checking output folder
2025-10-26 23:35:35,490 INFO o.a.j.r.d.JsonExporter: Writing statistics JSON to /home/najla/Downloads/REC-Blockchain/step12-results/step12_html_report_20251026_233351/statistics.json
2025-10-26 23:35:35,536 INFO o.a.j.r.d.ReportGenerator: Exporting data using exporter:'html' of className:'org.apache.jmeter.report.dashboard.HtmlTemplateExporter'
2025-10-26 23:35:35,539 INFO o.a.j.r.d.HtmlTemplateExporter: Will generate dashboard in folder: /home/najla/Downloads/REC-Blockchain/step12-results/step12_html_report_20251026_233351
2025-10-26 23:35:35,669 INFO o.a.j.r.d.HtmlTemplateExporter: Report will be generated in: /home/najla/Downloads/REC-Blockchain/step12-results/step12_html_report_20251026_233351, creating folder structure
2025-10-26 23:35:35,672 INFO o.a.j.r.d.TemplateVisitor: Copying folder from '/home/najla/Downloads/apache-jmeter-5.6.3/bin/report-template' to '/home/najla/Downloads/REC-Blockchain/step12-results/step12_html_report_20251026_233351', got message: /home/najla/Downloads/REC-Blockchain/step12-results/step12_html_report_20251026_233351, found non empty folder with following content [/home/najla/Downloads/REC-Blockchain/step12-results/step12_html_report_20251026_233351/statistics.json], will be ignored
2025-10-26 23:35:35,863 INFO o.a.j.JMeter: Dashboard generated
