2025-10-26 22:51:46,744 INFO o.a.j.u.JMeterUtils: Setting Locale to en_EN
2025-10-26 22:51:46,767 INFO o.a.j.JMeter: Loading user properties from: /home/najla/Downloads/apache-jmeter-5.6.3/bin/user.properties
2025-10-26 22:51:46,767 INFO o.a.j.JMeter: Loading system properties from: /home/najla/Downloads/apache-jmeter-5.6.3/bin/system.properties
2025-10-26 22:51:46,773 INFO o.a.j.JMeter: Copyright (c) 1998-2024 The Apache Software Foundation
2025-10-26 22:51:46,773 INFO o.a.j.JMeter: Version 5.6.3
2025-10-26 22:51:46,773 INFO o.a.j.JMeter: java.version=11.0.28
2025-10-26 22:51:46,773 INFO o.a.j.JMeter: java.vm.name=OpenJDK 64-Bit Server VM
2025-10-26 22:51:46,773 INFO o.a.j.JMeter: os.name=Linux
2025-10-26 22:51:46,773 INFO o.a.j.JMeter: os.arch=amd64
2025-10-26 22:51:46,773 INFO o.a.j.JMeter: os.version=6.14.0-32-generic
2025-10-26 22:51:46,773 INFO o.a.j.JMeter: file.encoding=UTF-8
2025-10-26 22:51:46,773 INFO o.a.j.JMeter: java.awt.headless=true
2025-10-26 22:51:46,774 INFO o.a.j.JMeter: Max memory     =1073741824
2025-10-26 22:51:46,774 INFO o.a.j.JMeter: Available Processors =22
2025-10-26 22:51:46,781 INFO o.a.j.JMeter: Default Locale=English (EN)
2025-10-26 22:51:46,781 INFO o.a.j.JMeter: JMeter  Locale=English (EN)
2025-10-26 22:51:46,782 INFO o.a.j.JMeter: JMeterHome=/home/najla/Downloads/apache-jmeter-5.6.3
2025-10-26 22:51:46,782 INFO o.a.j.JMeter: user.dir  =/home/najla/Downloads/REC-Blockchain
2025-10-26 22:51:46,782 INFO o.a.j.JMeter: PWD       =/home/najla/Downloads/REC-Blockchain
2025-10-26 22:51:46,782 INFO o.a.j.JMeter: IP: 127.0.1.1 Name: najla FullName: najla
2025-10-26 22:51:46,798 INFO o.a.j.JMeter: Setting property 'jmeter.reportgenerator.outputdir' to:'/home/najla/Downloads/REC-Blockchain/latency-results/html_report_20251026_225145'
2025-10-26 22:51:46,801 INFO o.a.j.s.FileServer: Default base='/home/najla/Downloads/REC-Blockchain'
2025-10-26 22:51:46,803 INFO o.a.j.s.FileServer: Set new base='/home/najla/Downloads/REC-Blockchain'
2025-10-26 22:51:46,979 INFO o.a.j.s.SaveService: Testplan (JMX) version: 2.2. Testlog (JTL) version: 2.2
2025-10-26 22:51:47,003 INFO o.a.j.s.SaveService: Using SaveService properties version 5.0
2025-10-26 22:51:47,007 INFO o.a.j.s.SaveService: Using SaveService properties file encoding UTF-8
2025-10-26 22:51:47,011 INFO o.a.j.s.SaveService: Loading file: /home/najla/Downloads/REC-Blockchain/jmeter-latency-test.jmx
2025-10-26 22:51:47,076 INFO o.a.j.p.h.s.HTTPSamplerBase: Parser for text/html is org.apache.jmeter.protocol.http.parser.LagartoBasedHtmlParser
2025-10-26 22:51:47,077 INFO o.a.j.p.h.s.HTTPSamplerBase: Parser for application/xhtml+xml is org.apache.jmeter.protocol.http.parser.LagartoBasedHtmlParser
2025-10-26 22:51:47,077 INFO o.a.j.p.h.s.HTTPSamplerBase: Parser for application/xml is org.apache.jmeter.protocol.http.parser.LagartoBasedHtmlParser
2025-10-26 22:51:47,077 INFO o.a.j.p.h.s.HTTPSamplerBase: Parser for text/xml is org.apache.jmeter.protocol.http.parser.LagartoBasedHtmlParser
2025-10-26 22:51:47,077 INFO o.a.j.p.h.s.HTTPSamplerBase: Parser for text/vnd.wap.wml is org.apache.jmeter.protocol.http.parser.RegexpHTMLParser
2025-10-26 22:51:47,077 INFO o.a.j.p.h.s.HTTPSamplerBase: Parser for text/css is org.apache.jmeter.protocol.http.parser.CssParser
2025-10-26 22:51:47,126 INFO o.a.j.JMeter: Creating summariser <summary>
2025-10-26 22:51:47,132 INFO o.a.j.r.d.ReportGenerator: ReportGenerator will use for Parsing the separator: ','
2025-10-26 22:51:47,133 INFO o.a.j.r.d.ReportGenerator: Will generate report at end of test from  results file: /home/najla/Downloads/REC-Blockchain/latency-results/latency_results_20251026_225145.jtl
2025-10-26 22:51:47,133 INFO o.a.j.r.d.ReportGenerator: Reading report generator properties from: /home/najla/Downloads/apache-jmeter-5.6.3/bin/reportgenerator.properties
2025-10-26 22:51:47,133 INFO o.a.j.r.d.ReportGenerator: Merging with JMeter properties
2025-10-26 22:51:47,138 INFO o.a.j.r.c.ReportGeneratorConfiguration: Property 'jmeter.reportgenerator.temp_dir' not found, using default value 'temp' instead.
2025-10-26 22:51:47,141 INFO o.a.j.r.c.ReportGeneratorConfiguration: Property 'jmeter.reportgenerator.apdex_per_transaction' not found, using default value 'null' instead.
2025-10-26 22:51:47,141 INFO o.a.j.r.c.ReportGeneratorConfiguration: apdex_per_transaction is empty, not APDEX per transaction customization
2025-10-26 22:51:47,141 INFO o.a.j.r.c.ReportGeneratorConfiguration: Property 'jmeter.reportgenerator.sample_filter' not found, using default value 'null' instead.
2025-10-26 22:51:47,141 INFO o.a.j.r.c.ReportGeneratorConfiguration: Property 'jmeter.reportgenerator.report_title' not found, using default value 'null' instead.
2025-10-26 22:51:47,141 INFO o.a.j.r.c.ReportGeneratorConfiguration: Property 'jmeter.reportgenerator.start_date' not found, using default value 'null' instead.
2025-10-26 22:51:47,141 INFO o.a.j.r.c.ReportGeneratorConfiguration: Property 'jmeter.reportgenerator.end_date' not found, using default value 'null' instead.
2025-10-26 22:51:47,141 INFO o.a.j.r.c.ReportGeneratorConfiguration: Property 'jmeter.reportgenerator.date_format' not found, using default value 'null' instead.
2025-10-26 22:51:47,142 INFO o.a.j.r.c.ReportGeneratorConfiguration: Will use date range start date: null, end date: null
2025-10-26 22:51:47,146 INFO o.a.j.r.c.ReportGeneratorConfiguration: Property 'jmeter.reportgenerator.graph.totalTPS.exclude_controllers' not found, using default value 'false' instead.
2025-10-26 22:51:47,146 INFO o.a.j.r.c.ReportGeneratorConfiguration: Property 'jmeter.reportgenerator.graph.activeThreadsOverTime.exclude_controllers' not found, using default value 'false' instead.
2025-10-26 22:51:47,146 INFO o.a.j.r.c.ReportGeneratorConfiguration: Property 'jmeter.reportgenerator.graph.timeVsThreads.exclude_controllers' not found, using default value 'false' instead.
2025-10-26 22:51:47,146 INFO o.a.j.r.c.ReportGeneratorConfiguration: Property 'jmeter.reportgenerator.graph.responseTimeDistribution.exclude_controllers' not found, using default value 'false' instead.
2025-10-26 22:51:47,146 INFO o.a.j.r.c.ReportGeneratorConfiguration: Property 'jmeter.reportgenerator.graph.transactionsPerSecond.exclude_controllers' not found, using default value 'false' instead.
2025-10-26 22:51:47,147 INFO o.a.j.r.c.ReportGeneratorConfiguration: Property 'jmeter.reportgenerator.graph.responseTimePercentiles.exclude_controllers' not found, using default value 'false' instead.
2025-10-26 22:51:47,147 INFO o.a.j.r.c.ReportGeneratorConfiguration: Property 'jmeter.reportgenerator.graph.responseTimePercentilesOverTime.exclude_controllers' not found, using default value 'false' instead.
2025-10-26 22:51:47,147 INFO o.a.j.r.c.ReportGeneratorConfiguration: Property 'jmeter.reportgenerator.graph.responseTimesOverTime.exclude_controllers' not found, using default value 'false' instead.
2025-10-26 22:51:47,147 INFO o.a.j.r.c.ReportGeneratorConfiguration: Property 'jmeter.reportgenerator.graph.connectTimeOverTime.exclude_controllers' not found, using default value 'false' instead.
2025-10-26 22:51:47,147 INFO o.a.j.r.c.ReportGeneratorConfiguration: Property 'jmeter.reportgenerator.graph.latenciesOverTime.exclude_controllers' not found, using default value 'false' instead.
2025-10-26 22:51:47,148 INFO o.a.j.r.c.ReportGeneratorConfiguration: Property 'jmeter.reportgenerator.exporter.json.filters_only_sample_series' not found, using default value 'true' instead.
2025-10-26 22:51:47,148 INFO o.a.j.r.c.ReportGeneratorConfiguration: Property 'jmeter.reportgenerator.exporter.json.series_filter' not found, using default value '' instead.
2025-10-26 22:51:47,148 INFO o.a.j.r.c.ReportGeneratorConfiguration: Property 'jmeter.reportgenerator.exporter.json.show_controllers_only' not found, using default value 'false' instead.
2025-10-26 22:51:47,148 INFO o.a.j.r.c.ReportGeneratorConfiguration: Property 'jmeter.reportgenerator.exporter.html.filters_only_sample_series' not found, using default value 'true' instead.
2025-10-26 22:51:47,149 INFO o.a.j.r.c.ReportGeneratorConfiguration: Property 'jmeter.reportgenerator.exporter.html.series_filter' not found, using default value '' instead.
2025-10-26 22:51:47,149 INFO o.a.j.r.c.ReportGeneratorConfiguration: Property 'jmeter.reportgenerator.exporter.html.show_controllers_only' not found, using default value 'false' instead.
2025-10-26 22:51:47,163 INFO o.a.j.e.StandardJMeterEngine: Running the test!
2025-10-26 22:51:47,164 INFO o.a.j.s.SampleEvent: List of sample_variables: []
2025-10-26 22:51:47,164 INFO o.a.j.s.SampleEvent: List of sample_variables: []
2025-10-26 22:51:47,177 INFO o.a.j.e.u.CompoundVariable: Note: Function class names must contain the string: '.functions.'
2025-10-26 22:51:47,177 INFO o.a.j.e.u.CompoundVariable: Note: Function class names must not contain the string: '.gui.'
2025-10-26 22:51:47,463 INFO o.a.j.JMeter: Running test (1761493907463)
2025-10-26 22:51:47,485 INFO o.a.j.e.StandardJMeterEngine: Starting ThreadGroup: 1 : REC Certificate Creation
2025-10-26 22:51:47,486 INFO o.a.j.e.StandardJMeterEngine: Starting 10 threads for group REC Certificate Creation.
2025-10-26 22:51:47,486 INFO o.a.j.e.StandardJMeterEngine: Thread will continue on error
2025-10-26 22:51:47,486 INFO o.a.j.t.ThreadGroup: Starting thread group... number=1 threads=10 ramp-up=30 delayedStart=false
2025-10-26 22:51:47,502 INFO o.a.j.t.JMeterThread: Thread started: REC Certificate Creation 1-1
2025-10-26 22:51:47,506 INFO o.a.j.t.ThreadGroup: Started thread group number 1
2025-10-26 22:51:47,506 INFO o.a.j.e.StandardJMeterEngine: Starting ThreadGroup: 2 : REC Certificate Query
2025-10-26 22:51:47,506 INFO o.a.j.e.StandardJMeterEngine: Starting 20 threads for group REC Certificate Query.
2025-10-26 22:51:47,506 INFO o.a.j.e.StandardJMeterEngine: Thread will continue on error
2025-10-26 22:51:47,507 INFO o.a.j.t.ThreadGroup: Starting thread group... number=2 threads=20 ramp-up=30 delayedStart=false
2025-10-26 22:51:47,508 INFO o.a.j.t.JMeterThread: Thread started: REC Certificate Query 2-1
2025-10-26 22:51:47,514 INFO o.a.j.t.ThreadGroup: Started thread group number 2
2025-10-26 22:51:47,514 INFO o.a.j.e.StandardJMeterEngine: Starting ThreadGroup: 3 : Purchase Transaction
2025-10-26 22:51:47,514 INFO o.a.j.e.StandardJMeterEngine: Starting 5 threads for group Purchase Transaction.
2025-10-26 22:51:47,514 INFO o.a.j.e.StandardJMeterEngine: Thread will continue on error
2025-10-26 22:51:47,514 INFO o.a.j.t.ThreadGroup: Starting thread group... number=3 threads=5 ramp-up=20 delayedStart=false
2025-10-26 22:51:47,515 INFO o.a.j.t.JMeterThread: Thread started: Purchase Transaction 3-1
2025-10-26 22:51:47,517 INFO o.a.j.t.ThreadGroup: Started thread group number 3
2025-10-26 22:51:47,517 INFO o.a.j.e.StandardJMeterEngine: All thread groups have been started
2025-10-26 22:51:48,827 INFO o.a.j.p.h.s.HTTPHCAbstractImpl: Local host = najla
2025-10-26 22:51:48,835 INFO o.a.j.p.h.s.HTTPHC4Impl: HTTP request retry count = 0
2025-10-26 22:51:48,837 INFO o.a.j.s.SampleResult: Note: Sample TimeStamps are START times
2025-10-26 22:51:48,837 INFO o.a.j.s.SampleResult: sampleresult.default.encoding is set to UTF-8
2025-10-26 22:51:48,837 INFO o.a.j.s.SampleResult: sampleresult.useNanoTime=true
2025-10-26 22:51:48,838 INFO o.a.j.s.SampleResult: sampleresult.nanoThreadSleep=5000
2025-10-26 22:51:49,008 INFO o.a.j.t.JMeterThread: Thread started: REC Certificate Query 2-2
2025-10-26 22:51:50,496 INFO o.a.j.t.JMeterThread: Thread started: REC Certificate Creation 1-2
2025-10-26 22:51:50,508 INFO o.a.j.t.JMeterThread: Thread started: REC Certificate Query 2-3
2025-10-26 22:51:51,516 INFO o.a.j.t.JMeterThread: Thread started: Purchase Transaction 3-2
2025-10-26 22:51:52,008 INFO o.a.j.t.JMeterThread: Thread started: REC Certificate Query 2-4
2025-10-26 22:51:53,493 INFO o.a.j.t.JMeterThread: Thread started: REC Certificate Creation 1-3
2025-10-26 22:51:53,507 INFO o.a.j.t.JMeterThread: Thread started: REC Certificate Query 2-5
2025-10-26 22:51:55,009 INFO o.a.j.t.JMeterThread: Thread started: REC Certificate Query 2-6
2025-10-26 22:51:55,517 INFO o.a.j.t.JMeterThread: Thread started: Purchase Transaction 3-3
2025-10-26 22:51:56,491 INFO o.a.j.t.JMeterThread: Thread started: REC Certificate Creation 1-4
2025-10-26 22:51:56,508 INFO o.a.j.t.JMeterThread: Thread started: REC Certificate Query 2-7
2025-10-26 22:51:58,008 INFO o.a.j.t.JMeterThread: Thread started: REC Certificate Query 2-8
2025-10-26 22:51:59,491 INFO o.a.j.t.JMeterThread: Thread started: REC Certificate Creation 1-5
2025-10-26 22:51:59,508 INFO o.a.j.t.JMeterThread: Thread started: REC Certificate Query 2-9
2025-10-26 22:51:59,516 INFO o.a.j.t.JMeterThread: Thread started: Purchase Transaction 3-4
2025-10-26 22:52:00,068 INFO o.a.j.r.Summariser: summary +     76 in 00:00:13 =    6.0/s Avg:     0 Min:     0 Max:     0 Err:    76 (100.00%) Active: 18 Started: 18 Finished: 0
2025-10-26 22:52:01,007 INFO o.a.j.t.JMeterThread: Thread started: REC Certificate Query 2-10
2025-10-26 22:52:02,491 INFO o.a.j.t.JMeterThread: Thread started: REC Certificate Creation 1-6
2025-10-26 22:52:02,508 INFO o.a.j.t.JMeterThread: Thread started: REC Certificate Query 2-11
2025-10-26 22:52:03,515 INFO o.a.j.t.JMeterThread: Thread started: Purchase Transaction 3-5
2025-10-26 22:52:04,009 INFO o.a.j.t.JMeterThread: Thread started: REC Certificate Query 2-12
2025-10-26 22:52:05,490 INFO o.a.j.t.JMeterThread: Thread started: REC Certificate Creation 1-7
2025-10-26 22:52:05,507 INFO o.a.j.t.JMeterThread: Thread started: REC Certificate Query 2-13
2025-10-26 22:52:07,009 INFO o.a.j.t.JMeterThread: Thread started: REC Certificate Query 2-14
2025-10-26 22:52:08,489 INFO o.a.j.t.JMeterThread: Thread started: REC Certificate Creation 1-8
2025-10-26 22:52:08,508 INFO o.a.j.t.JMeterThread: Thread started: REC Certificate Query 2-15
2025-10-26 22:52:10,007 INFO o.a.j.t.JMeterThread: Thread started: REC Certificate Query 2-16
2025-10-26 22:52:11,488 INFO o.a.j.t.JMeterThread: Thread started: REC Certificate Creation 1-9
2025-10-26 22:52:11,508 INFO o.a.j.t.JMeterThread: Thread started: REC Certificate Query 2-17
2025-10-26 22:52:13,008 INFO o.a.j.t.JMeterThread: Thread started: REC Certificate Query 2-18
2025-10-26 22:52:14,489 INFO o.a.j.t.JMeterThread: Thread started: REC Certificate Creation 1-10
2025-10-26 22:52:14,508 INFO o.a.j.t.JMeterThread: Thread started: REC Certificate Query 2-19
2025-10-26 22:52:16,007 INFO o.a.j.t.JMeterThread: Thread started: REC Certificate Query 2-20
2025-10-26 22:52:30,024 INFO o.a.j.r.Summariser: summary +    669 in 00:00:30 =   22.3/s Avg:     0 Min:     0 Max:     1 Err:   669 (100.00%) Active: 35 Started: 35 Finished: 0
2025-10-26 22:52:30,025 INFO o.a.j.r.Summariser: summary =    745 in 00:00:43 =   17.5/s Avg:     0 Min:     0 Max:     1 Err:   745 (100.00%)
2025-10-26 22:53:00,018 INFO o.a.j.r.Summariser: summary +    799 in 00:00:30 =   26.6/s Avg:     0 Min:     0 Max:     0 Err:   799 (100.00%) Active: 35 Started: 35 Finished: 0
2025-10-26 22:53:00,019 INFO o.a.j.r.Summariser: summary =   1544 in 00:01:13 =   21.3/s Avg:     0 Min:     0 Max:     1 Err:  1544 (100.00%)
2025-10-26 22:53:26,609 INFO o.a.j.t.JMeterThread: Thread is done: Purchase Transaction 3-1
2025-10-26 22:53:26,609 INFO o.a.j.t.JMeterThread: Thread finished: Purchase Transaction 3-1
2025-10-26 22:53:27,166 INFO o.a.j.t.JMeterThread: Thread is done: REC Certificate Query 2-2
2025-10-26 22:53:27,166 INFO o.a.j.t.JMeterThread: Thread finished: REC Certificate Query 2-2
2025-10-26 22:53:27,801 INFO o.a.j.t.JMeterThread: Thread is done: REC Certificate Creation 1-1
2025-10-26 22:53:27,801 INFO o.a.j.t.JMeterThread: Thread finished: REC Certificate Creation 1-1
2025-10-26 22:53:28,742 INFO o.a.j.t.JMeterThread: Thread is done: Purchase Transaction 3-2
2025-10-26 22:53:28,743 INFO o.a.j.t.JMeterThread: Thread finished: Purchase Transaction 3-2
2025-10-26 22:53:28,908 INFO o.a.j.t.JMeterThread: Thread is done: REC Certificate Creation 1-2
2025-10-26 22:53:28,908 INFO o.a.j.t.JMeterThread: Thread finished: REC Certificate Creation 1-2
2025-10-26 22:53:29,467 INFO o.a.j.t.JMeterThread: Thread is done: REC Certificate Query 2-1
2025-10-26 22:53:29,468 INFO o.a.j.t.JMeterThread: Thread finished: REC Certificate Query 2-1
2025-10-26 22:53:29,991 INFO o.a.j.t.JMeterThread: Thread is done: REC Certificate Query 2-4
2025-10-26 22:53:29,991 INFO o.a.j.t.JMeterThread: Thread finished: REC Certificate Query 2-4
2025-10-26 22:53:30,027 INFO o.a.j.r.Summariser: summary +    799 in 00:00:30 =   26.6/s Avg:     0 Min:     0 Max:     0 Err:   799 (100.00%) Active: 28 Started: 35 Finished: 7
2025-10-26 22:53:30,027 INFO o.a.j.r.Summariser: summary =   2343 in 00:01:43 =   22.8/s Avg:     0 Min:     0 Max:     1 Err:  2343 (100.00%)
2025-10-26 22:53:31,352 INFO o.a.j.t.JMeterThread: Thread is done: REC Certificate Creation 1-3
2025-10-26 22:53:31,353 INFO o.a.j.t.JMeterThread: Thread finished: REC Certificate Creation 1-3
2025-10-26 22:53:31,428 INFO o.a.j.t.JMeterThread: Thread is done: REC Certificate Query 2-7
2025-10-26 22:53:31,428 INFO o.a.j.t.JMeterThread: Thread finished: REC Certificate Query 2-7
2025-10-26 22:53:32,312 INFO o.a.j.t.JMeterThread: Thread is done: REC Certificate Query 2-5
2025-10-26 22:53:32,312 INFO o.a.j.t.JMeterThread: Thread finished: REC Certificate Query 2-5
2025-10-26 22:53:33,618 INFO o.a.j.t.JMeterThread: Thread is done: REC Certificate Creation 1-4
2025-10-26 22:53:33,618 INFO o.a.j.t.JMeterThread: Thread finished: REC Certificate Creation 1-4
2025-10-26 22:53:33,974 INFO o.a.j.t.JMeterThread: Thread is done: REC Certificate Query 2-3
2025-10-26 22:53:33,975 INFO o.a.j.t.JMeterThread: Thread finished: REC Certificate Query 2-3
2025-10-26 22:53:34,514 INFO o.a.j.t.JMeterThread: Thread is done: REC Certificate Query 2-10
2025-10-26 22:53:34,514 INFO o.a.j.t.JMeterThread: Thread finished: REC Certificate Query 2-10
2025-10-26 22:53:36,420 INFO o.a.j.t.JMeterThread: Thread is done: REC Certificate Query 2-6
2025-10-26 22:53:36,421 INFO o.a.j.t.JMeterThread: Thread finished: REC Certificate Query 2-6
2025-10-26 22:53:38,194 INFO o.a.j.t.JMeterThread: Thread is done: REC Certificate Query 2-9
2025-10-26 22:53:38,195 INFO o.a.j.t.JMeterThread: Thread finished: REC Certificate Query 2-9
2025-10-26 22:53:39,411 INFO o.a.j.t.JMeterThread: Thread is done: REC Certificate Query 2-13
2025-10-26 22:53:39,411 INFO o.a.j.t.JMeterThread: Thread finished: REC Certificate Query 2-13
2025-10-26 22:53:39,471 INFO o.a.j.t.JMeterThread: Thread is done: REC Certificate Query 2-8
2025-10-26 22:53:39,472 INFO o.a.j.t.JMeterThread: Thread finished: REC Certificate Query 2-8
2025-10-26 22:53:41,553 INFO o.a.j.t.JMeterThread: Thread is done: REC Certificate Creation 1-7
2025-10-26 22:53:41,553 INFO o.a.j.t.JMeterThread: Thread finished: REC Certificate Creation 1-7
2025-10-26 22:53:42,816 INFO o.a.j.t.JMeterThread: Thread is done: REC Certificate Creation 1-5
2025-10-26 22:53:42,817 INFO o.a.j.t.JMeterThread: Thread finished: REC Certificate Creation 1-5
2025-10-26 22:53:43,005 INFO o.a.j.t.JMeterThread: Thread is done: Purchase Transaction 3-3
2025-10-26 22:53:43,005 INFO o.a.j.t.JMeterThread: Thread finished: Purchase Transaction 3-3
2025-10-26 22:53:44,700 INFO o.a.j.t.JMeterThread: Thread is done: Purchase Transaction 3-4
2025-10-26 22:53:44,700 INFO o.a.j.t.JMeterThread: Thread finished: Purchase Transaction 3-4
2025-10-26 22:53:45,060 INFO o.a.j.t.JMeterThread: Thread is done: REC Certificate Creation 1-6
2025-10-26 22:53:45,060 INFO o.a.j.t.JMeterThread: Thread finished: REC Certificate Creation 1-6
2025-10-26 22:53:45,621 INFO o.a.j.t.JMeterThread: Thread is done: REC Certificate Query 2-11
2025-10-26 22:53:45,622 INFO o.a.j.t.JMeterThread: Thread finished: REC Certificate Query 2-11
2025-10-26 22:53:45,971 INFO o.a.j.t.JMeterThread: Thread is done: REC Certificate Query 2-14
2025-10-26 22:53:45,971 INFO o.a.j.t.JMeterThread: Thread finished: REC Certificate Query 2-14
2025-10-26 22:53:46,852 INFO o.a.j.t.JMeterThread: Thread is done: REC Certificate Query 2-12
2025-10-26 22:53:46,852 INFO o.a.j.t.JMeterThread: Thread finished: REC Certificate Query 2-12
2025-10-26 22:53:48,790 INFO o.a.j.t.JMeterThread: Thread is done: REC Certificate Creation 1-8
2025-10-26 22:53:48,790 INFO o.a.j.t.JMeterThread: Thread finished: REC Certificate Creation 1-8
2025-10-26 22:53:49,962 INFO o.a.j.t.JMeterThread: Thread is done: REC Certificate Creation 1-9
2025-10-26 22:53:49,962 INFO o.a.j.t.JMeterThread: Thread finished: REC Certificate Creation 1-9
2025-10-26 22:53:50,119 INFO o.a.j.t.JMeterThread: Thread is done: REC Certificate Query 2-19
2025-10-26 22:53:50,119 INFO o.a.j.t.JMeterThread: Thread finished: REC Certificate Query 2-19
2025-10-26 22:53:50,147 INFO o.a.j.t.JMeterThread: Thread is done: REC Certificate Query 2-18
2025-10-26 22:53:50,147 INFO o.a.j.t.JMeterThread: Thread finished: REC Certificate Query 2-18
2025-10-26 22:53:50,614 INFO o.a.j.t.JMeterThread: Thread is done: REC Certificate Query 2-16
2025-10-26 22:53:50,614 INFO o.a.j.t.JMeterThread: Thread finished: REC Certificate Query 2-16
2025-10-26 22:53:51,347 INFO o.a.j.t.JMeterThread: Thread is done: REC Certificate Query 2-15
2025-10-26 22:53:51,348 INFO o.a.j.t.JMeterThread: Thread finished: REC Certificate Query 2-15
2025-10-26 22:53:54,188 INFO o.a.j.t.JMeterThread: Thread is done: REC Certificate Query 2-20
2025-10-26 22:53:54,189 INFO o.a.j.t.JMeterThread: Thread finished: REC Certificate Query 2-20
2025-10-26 22:53:54,579 INFO o.a.j.t.JMeterThread: Thread is done: REC Certificate Query 2-17
2025-10-26 22:53:54,579 INFO o.a.j.t.JMeterThread: Thread finished: REC Certificate Query 2-17
2025-10-26 22:53:57,948 INFO o.a.j.t.JMeterThread: Thread is done: Purchase Transaction 3-5
2025-10-26 22:53:57,948 INFO o.a.j.t.JMeterThread: Thread finished: Purchase Transaction 3-5
2025-10-26 22:53:59,480 INFO o.a.j.t.JMeterThread: Thread is done: REC Certificate Creation 1-10
2025-10-26 22:53:59,481 INFO o.a.j.t.JMeterThread: Thread finished: REC Certificate Creation 1-10
2025-10-26 22:53:59,481 INFO o.a.j.e.StandardJMeterEngine: Notifying test listeners of end of test
2025-10-26 22:53:59,482 INFO o.a.j.r.Summariser: summary +    307 in 00:00:29 =   10.4/s Avg:     0 Min:     0 Max:     0 Err:   307 (100.00%) Active: 0 Started: 35 Finished: 35
2025-10-26 22:53:59,482 INFO o.a.j.r.Summariser: summary =   2650 in 00:02:12 =   20.1/s Avg:     0 Min:     0 Max:     1 Err:  2650 (100.00%)
2025-10-26 22:53:59,483 INFO o.a.j.JMeter: Generating Dashboard
2025-10-26 22:53:59,483 INFO o.a.j.r.d.ReportGenerator: Flushing result collector before report Generation
2025-10-26 22:53:59,501 INFO o.a.j.r.p.NormalizerSampleConsumer: Using format, 'ms', to parse timeStamp field
2025-10-26 22:53:59,793 INFO o.a.j.r.p.AbstractSampleConsumer: class org.apache.jmeter.report.processor.AggregateConsumer#stopProducing(): beginDate produced 0 samples
2025-10-26 22:53:59,794 INFO o.a.j.r.p.AbstractSampleConsumer: class org.apache.jmeter.report.processor.AggregateConsumer#stopProducing(): endDate produced 0 samples
2025-10-26 22:53:59,796 INFO o.a.j.r.p.AbstractSampleConsumer: class org.apache.jmeter.report.processor.ApdexSummaryConsumer#stopProducing(): apdexSummary produced 0 samples
2025-10-26 22:53:59,796 INFO o.a.j.r.p.AbstractSampleConsumer: class org.apache.jmeter.report.processor.RequestsSummaryConsumer#stopProducing(): requestsSummary produced 0 samples
2025-10-26 22:53:59,804 INFO o.a.j.r.p.AbstractSampleConsumer: class org.apache.jmeter.report.processor.StatisticsSummaryConsumer#stopProducing(): statisticsSummary produced 0 samples
2025-10-26 22:53:59,806 INFO o.a.j.r.p.AbstractSampleConsumer: class org.apache.jmeter.report.processor.Top5ErrorsBySamplerConsumer#stopProducing(): top5ErrorsBySampler produced 0 samples
2025-10-26 22:53:59,806 INFO o.a.j.r.p.AbstractSampleConsumer: class org.apache.jmeter.report.processor.ErrorsSummaryConsumer#stopProducing(): errorsSummary produced 0 samples
2025-10-26 22:53:59,806 INFO o.a.j.r.p.AbstractSampleConsumer: class org.apache.jmeter.report.processor.graph.impl.HitsPerSecondGraphConsumer#stopProducing(): hitsPerSecond produced 0 samples
2025-10-26 22:53:59,867 INFO o.a.j.r.p.AbstractSampleConsumer: class org.apache.jmeter.report.processor.graph.impl.LatencyVSRequestGraphConsumer#stopProducing(): latencyVsRequest produced 0 samples
2025-10-26 22:53:59,869 INFO o.a.j.r.p.AbstractSampleConsumer: class org.apache.jmeter.report.processor.graph.impl.SyntheticResponseTimeDistributionGraphConsumer#stopProducing(): syntheticResponseTimeDistribution produced 0 samples
2025-10-26 22:53:59,869 INFO o.a.j.r.p.AbstractSampleConsumer: class org.apache.jmeter.report.processor.graph.impl.BytesThroughputGraphConsumer#stopProducing(): bytesThroughputOverTime produced 0 samples
2025-10-26 22:53:59,869 INFO o.a.j.r.p.AbstractSampleConsumer: class org.apache.jmeter.report.processor.graph.impl.CodesPerSecondGraphConsumer#stopProducing(): codesPerSecond produced 0 samples
2025-10-26 22:53:59,892 INFO o.a.j.r.p.AbstractSampleConsumer: class org.apache.jmeter.report.processor.graph.impl.ResponseTimeVSRequestGraphConsumer#stopProducing(): responseTimeVsRequest produced 0 samples
2025-10-26 22:53:59,893 INFO o.a.j.r.p.AbstractSampleConsumer: class org.apache.jmeter.report.processor.FilterConsumer#stopProducing(): startIntervalControlerFilter produced 18550 samples
2025-10-26 22:53:59,893 INFO o.a.j.r.p.AbstractSampleConsumer: class org.apache.jmeter.report.processor.graph.impl.TotalTPSGraphConsumer#stopProducing(): totalTPS produced 0 samples
2025-10-26 22:53:59,893 INFO o.a.j.r.p.AbstractSampleConsumer: class org.apache.jmeter.report.processor.graph.impl.ActiveThreadsGraphConsumer#stopProducing(): activeThreadsOverTime produced 0 samples
2025-10-26 22:53:59,893 INFO o.a.j.r.p.AbstractSampleConsumer: class org.apache.jmeter.report.processor.graph.impl.TimeVSThreadGraphConsumer#stopProducing(): timeVsThreads produced 0 samples
2025-10-26 22:53:59,893 INFO o.a.j.r.p.AbstractSampleConsumer: class org.apache.jmeter.report.processor.graph.impl.ResponseTimeDistributionGraphConsumer#stopProducing(): responseTimeDistribution produced 0 samples
2025-10-26 22:53:59,893 INFO o.a.j.r.p.AbstractSampleConsumer: class org.apache.jmeter.report.processor.graph.impl.TransactionsPerSecondGraphConsumer#stopProducing(): transactionsPerSecond produced 0 samples
2025-10-26 22:53:59,893 INFO o.a.j.r.p.AbstractSampleConsumer: class org.apache.jmeter.report.processor.graph.impl.ResponseTimePercentilesGraphConsumer#stopProducing(): responseTimePercentiles produced 0 samples
2025-10-26 22:53:59,895 INFO o.a.j.r.p.AbstractSampleConsumer: class org.apache.jmeter.report.processor.graph.impl.ResponseTimePercentilesOverTimeGraphConsumer#stopProducing(): responseTimePercentilesOverTime produced 0 samples
2025-10-26 22:53:59,895 INFO o.a.j.r.p.AbstractSampleConsumer: class org.apache.jmeter.report.processor.graph.impl.ResponseTimeOverTimeGraphConsumer#stopProducing(): responseTimesOverTime produced 0 samples
2025-10-26 22:53:59,896 INFO o.a.j.r.p.AbstractSampleConsumer: class org.apache.jmeter.report.processor.graph.impl.ConnectTimeOverTimeGraphConsumer#stopProducing(): connectTimeOverTime produced 0 samples
2025-10-26 22:53:59,896 INFO o.a.j.r.p.AbstractSampleConsumer: class org.apache.jmeter.report.processor.graph.impl.LatencyOverTimeGraphConsumer#stopProducing(): latenciesOverTime produced 0 samples
2025-10-26 22:53:59,896 INFO o.a.j.r.p.AbstractSampleConsumer: class org.apache.jmeter.report.processor.FilterConsumer#stopProducing(): nameFilter produced 39750 samples
2025-10-26 22:53:59,896 INFO o.a.j.r.p.AbstractSampleConsumer: class org.apache.jmeter.report.processor.FilterConsumer#stopProducing(): dateRangeFilter produced 7950 samples
2025-10-26 22:53:59,896 INFO o.a.j.r.p.AbstractSampleConsumer: class org.apache.jmeter.report.processor.NormalizerSampleConsumer#stopProducing(): normalizer produced 2650 samples
2025-10-26 22:53:59,897 INFO o.a.j.r.p.CsvFileSampleSource: produce(): 2650 samples produced in 362ms on channel 0
2025-10-26 22:53:59,898 INFO o.a.j.r.d.ReportGenerator: Exporting data using exporter:'json' of className:'org.apache.jmeter.report.dashboard.JsonExporter'
2025-10-26 22:53:59,993 INFO o.a.j.r.d.JsonExporter: Found data for consumer statisticsSummary in context
2025-10-26 22:53:59,993 INFO o.a.j.r.d.JsonExporter: Creating statistics for overall
2025-10-26 22:53:59,994 INFO o.a.j.r.d.JsonExporter: Creating statistics for other transactions
2025-10-26 22:53:59,994 INFO o.a.j.r.d.JsonExporter: Checking output folder
2025-10-26 22:53:59,995 INFO o.a.j.r.d.JsonExporter: Writing statistics JSON to /home/najla/Downloads/REC-Blockchain/latency-results/html_report_20251026_225145/statistics.json
2025-10-26 22:54:00,054 INFO o.a.j.r.d.ReportGenerator: Exporting data using exporter:'html' of className:'org.apache.jmeter.report.dashboard.HtmlTemplateExporter'
2025-10-26 22:54:00,058 INFO o.a.j.r.d.HtmlTemplateExporter: Will generate dashboard in folder: /home/najla/Downloads/REC-Blockchain/latency-results/html_report_20251026_225145
2025-10-26 22:54:00,192 INFO o.a.j.r.d.HtmlTemplateExporter: Report will be generated in: /home/najla/Downloads/REC-Blockchain/latency-results/html_report_20251026_225145, creating folder structure
2025-10-26 22:54:00,195 INFO o.a.j.r.d.TemplateVisitor: Copying folder from '/home/najla/Downloads/apache-jmeter-5.6.3/bin/report-template' to '/home/najla/Downloads/REC-Blockchain/latency-results/html_report_20251026_225145', got message: /home/najla/Downloads/REC-Blockchain/latency-results/html_report_20251026_225145, found non empty folder with following content [/home/najla/Downloads/REC-Blockchain/latency-results/html_report_20251026_225145/statistics.json], will be ignored
2025-10-26 22:54:00,408 INFO o.a.j.JMeter: Dashboard generated
